WARNING - 2025-11-16 15:41:01 --> [DEPRECATED] Passing lowercase HTTP method "options" is deprecated. Use uppercase HTTP method like "OPTIONS". in SYSTEMPATH\Router\RouteCollection.php on line 1026.
 1 SYSTEMPATH\Router\RouteCollection.php(1026): trigger_error('Passing lowercase HTTP method "options" is deprecated. Use uppercase HTTP method like "OPTIONS".', 16384)
 2 APPPATH\Config\Routes.php(37): CodeIgniter\Router\RouteCollection->match([...], 'login', 'Users::login')
 3 SYSTEMPATH\Router\RouteCollection.php(799): CodeIgniter\Router\RouteCollection::{closure}(Object(CodeIgniter\Router\RouteCollection))
 4 APPPATH\Config\Routes.php(13): CodeIgniter\Router\RouteCollection->group('api', [...], Object(Closure))
 5 SYSTEMPATH\Router\RouteCollection.php(339): require('C:\\xampp\\htdocs\\TUSBinGroup2\\BinBackendG2\\app\\Config\\Routes.php')
 6 SYSTEMPATH\CodeIgniter.php(821): CodeIgniter\Router\RouteCollection->loadRoutes()
 7 SYSTEMPATH\CodeIgniter.php(455): CodeIgniter\CodeIgniter->tryToRouteIt(null)
 8 SYSTEMPATH\CodeIgniter.php(354): CodeIgniter\CodeIgniter->handleRequest(null, Object(Config\Cache), false)
 9 SYSTEMPATH\Boot.php(363): CodeIgniter\CodeIgniter->run()
10 SYSTEMPATH\Boot.php(68): CodeIgniter\Boot::runCodeIgniter(Object(CodeIgniter\CodeIgniter))
11 FCPATH\index.php(59): CodeIgniter\Boot::bootWeb(Object(Config\Paths))
WARNING - 2025-11-16 15:41:01 --> [DEPRECATED] Passing lowercase HTTP method "post" is deprecated. Use uppercase HTTP method like "POST". in SYSTEMPATH\Router\RouteCollection.php on line 1026.
 1 SYSTEMPATH\Router\RouteCollection.php(1026): trigger_error('Passing lowercase HTTP method "post" is deprecated. Use uppercase HTTP method like "POST".', 16384)
 2 APPPATH\Config\Routes.php(37): CodeIgniter\Router\RouteCollection->match([...], 'login', 'Users::login')
 3 SYSTEMPATH\Router\RouteCollection.php(799): CodeIgniter\Router\RouteCollection::{closure}(Object(CodeIgniter\Router\RouteCollection))
 4 APPPATH\Config\Routes.php(13): CodeIgniter\Router\RouteCollection->group('api', [...], Object(Closure))
 5 SYSTEMPATH\Router\RouteCollection.php(339): require('C:\\xampp\\htdocs\\TUSBinGroup2\\BinBackendG2\\app\\Config\\Routes.php')
 6 SYSTEMPATH\CodeIgniter.php(821): CodeIgniter\Router\RouteCollection->loadRoutes()
 7 SYSTEMPATH\CodeIgniter.php(455): CodeIgniter\CodeIgniter->tryToRouteIt(null)
 8 SYSTEMPATH\CodeIgniter.php(354): CodeIgniter\CodeIgniter->handleRequest(null, Object(Config\Cache), false)
 9 SYSTEMPATH\Boot.php(363): CodeIgniter\CodeIgniter->run()
10 SYSTEMPATH\Boot.php(68): CodeIgniter\Boot::runCodeIgniter(Object(CodeIgniter\CodeIgniter))
11 FCPATH\index.php(59): CodeIgniter\Boot::bootWeb(Object(Config\Paths))
ERROR - 2025-11-16 15:41:01 --> mysqli_sql_exception: PROCEDURE tusbinright2.sp_get_items does not exist in C:\xampp\htdocs\TUSBinGroup2\BinBackendG2\system\Database\MySQLi\Connection.php:327
Stack trace:
#0 C:\xampp\htdocs\TUSBinGroup2\BinBackendG2\system\Database\MySQLi\Connection.php(327): mysqli->query('CALL sp_get_ite...', 0)
#1 C:\xampp\htdocs\TUSBinGroup2\BinBackendG2\system\Database\BaseConnection.php(729): CodeIgniter\Database\MySQLi\Connection->execute('CALL sp_get_ite...')
#2 C:\xampp\htdocs\TUSBinGroup2\BinBackendG2\system\Database\BaseConnection.php(646): CodeIgniter\Database\BaseConnection->simpleQuery('CALL sp_get_ite...')
#3 C:\xampp\htdocs\TUSBinGroup2\BinBackendG2\app\Controllers\Api\Items.php(12): CodeIgniter\Database\BaseConnection->query('CALL sp_get_ite...')
#4 C:\xampp\htdocs\TUSBinGroup2\BinBackendG2\system\CodeIgniter.php(933): App\Controllers\Api\Items->index()
#5 C:\xampp\htdocs\TUSBinGroup2\BinBackendG2\system\CodeIgniter.php(507): CodeIgniter\CodeIgniter->runController(Object(App\Controllers\Api\Items))
#6 C:\xampp\htdocs\TUSBinGroup2\BinBackendG2\system\CodeIgniter.php(354): CodeIgniter\CodeIgniter->handleRequest(NULL, Object(Config\Cache), false)
#7 C:\xampp\htdocs\TUSBinGroup2\BinBackendG2\system\Boot.php(363): CodeIgniter\CodeIgniter->run()
#8 C:\xampp\htdocs\TUSBinGroup2\BinBackendG2\system\Boot.php(68): CodeIgniter\Boot::runCodeIgniter(Object(CodeIgniter\CodeIgniter))
#9 C:\xampp\htdocs\TUSBinGroup2\BinBackendG2\public\index.php(59): CodeIgniter\Boot::bootWeb(Object(Config\Paths))
#10 {main}
CRITICAL - 2025-11-16 15:41:01 --> CodeIgniter\Database\Exceptions\DatabaseException: PROCEDURE tusbinright2.sp_get_items does not exist
[Method: GET, Route: api/items]
in SYSTEMPATH\Database\BaseConnection.php on line 684.
 1 APPPATH\Controllers\Api\Items.php(12): CodeIgniter\Database\BaseConnection->query('CALL sp_get_items()')
 2 SYSTEMPATH\CodeIgniter.php(933): App\Controllers\Api\Items->index()
 3 SYSTEMPATH\CodeIgniter.php(507): CodeIgniter\CodeIgniter->runController(Object(App\Controllers\Api\Items))
 4 SYSTEMPATH\CodeIgniter.php(354): CodeIgniter\CodeIgniter->handleRequest(null, Object(Config\Cache), false)
 5 SYSTEMPATH\Boot.php(363): CodeIgniter\CodeIgniter->run()
 6 SYSTEMPATH\Boot.php(68): CodeIgniter\Boot::runCodeIgniter(Object(CodeIgniter\CodeIgniter))
 7 FCPATH\index.php(59): CodeIgniter\Boot::bootWeb(Object(Config\Paths))
CRITICAL - 2025-11-16 15:41:01 --> [Caused by] CodeIgniter\Database\Exceptions\DatabaseException: PROCEDURE tusbinright2.sp_get_items does not exist
in SYSTEMPATH\Database\MySQLi\Connection.php on line 332.
 1 SYSTEMPATH\Database\BaseConnection.php(729): CodeIgniter\Database\MySQLi\Connection->execute('CALL sp_get_items()')
 2 SYSTEMPATH\Database\BaseConnection.php(646): CodeIgniter\Database\BaseConnection->simpleQuery('CALL sp_get_items()')
 3 APPPATH\Controllers\Api\Items.php(12): CodeIgniter\Database\BaseConnection->query('CALL sp_get_items()')
 4 SYSTEMPATH\CodeIgniter.php(933): App\Controllers\Api\Items->index()
 5 SYSTEMPATH\CodeIgniter.php(507): CodeIgniter\CodeIgniter->runController(Object(App\Controllers\Api\Items))
 6 SYSTEMPATH\CodeIgniter.php(354): CodeIgniter\CodeIgniter->handleRequest(null, Object(Config\Cache), false)
 7 SYSTEMPATH\Boot.php(363): CodeIgniter\CodeIgniter->run()
 8 SYSTEMPATH\Boot.php(68): CodeIgniter\Boot::runCodeIgniter(Object(CodeIgniter\CodeIgniter))
 9 FCPATH\index.php(59): CodeIgniter\Boot::bootWeb(Object(Config\Paths))
CRITICAL - 2025-11-16 15:41:01 --> [Caused by] mysqli_sql_exception: PROCEDURE tusbinright2.sp_get_items does not exist
in SYSTEMPATH\Database\MySQLi\Connection.php on line 327.
 1 SYSTEMPATH\Database\MySQLi\Connection.php(327): mysqli->query('CALL sp_get_items()', 0)
 2 SYSTEMPATH\Database\BaseConnection.php(729): CodeIgniter\Database\MySQLi\Connection->execute('CALL sp_get_items()')
 3 SYSTEMPATH\Database\BaseConnection.php(646): CodeIgniter\Database\BaseConnection->simpleQuery('CALL sp_get_items()')
 4 APPPATH\Controllers\Api\Items.php(12): CodeIgniter\Database\BaseConnection->query('CALL sp_get_items()')
 5 SYSTEMPATH\CodeIgniter.php(933): App\Controllers\Api\Items->index()
 6 SYSTEMPATH\CodeIgniter.php(507): CodeIgniter\CodeIgniter->runController(Object(App\Controllers\Api\Items))
 7 SYSTEMPATH\CodeIgniter.php(354): CodeIgniter\CodeIgniter->handleRequest(null, Object(Config\Cache), false)
 8 SYSTEMPATH\Boot.php(363): CodeIgniter\CodeIgniter->run()
 9 SYSTEMPATH\Boot.php(68): CodeIgniter\Boot::runCodeIgniter(Object(CodeIgniter\CodeIgniter))
10 FCPATH\index.php(59): CodeIgniter\Boot::bootWeb(Object(Config\Paths))
WARNING - 2025-11-16 15:41:03 --> [DEPRECATED] Passing lowercase HTTP method "options" is deprecated. Use uppercase HTTP method like "OPTIONS". in SYSTEMPATH\Router\RouteCollection.php on line 1026.
 1 SYSTEMPATH\Router\RouteCollection.php(1026): trigger_error('Passing lowercase HTTP method "options" is deprecated. Use uppercase HTTP method like "OPTIONS".', 16384)
 2 APPPATH\Config\Routes.php(37): CodeIgniter\Router\RouteCollection->match([...], 'login', 'Users::login')
 3 SYSTEMPATH\Router\RouteCollection.php(799): CodeIgniter\Router\RouteCollection::{closure}(Object(CodeIgniter\Router\RouteCollection))
 4 APPPATH\Config\Routes.php(13): CodeIgniter\Router\RouteCollection->group('api', [...], Object(Closure))
 5 SYSTEMPATH\Router\RouteCollection.php(339): require('C:\\xampp\\htdocs\\TUSBinGroup2\\BinBackendG2\\app\\Config\\Routes.php')
 6 SYSTEMPATH\CodeIgniter.php(821): CodeIgniter\Router\RouteCollection->loadRoutes()
 7 SYSTEMPATH\CodeIgniter.php(455): CodeIgniter\CodeIgniter->tryToRouteIt(null)
 8 SYSTEMPATH\CodeIgniter.php(354): CodeIgniter\CodeIgniter->handleRequest(null, Object(Config\Cache), false)
 9 SYSTEMPATH\Boot.php(363): CodeIgniter\CodeIgniter->run()
10 SYSTEMPATH\Boot.php(68): CodeIgniter\Boot::runCodeIgniter(Object(CodeIgniter\CodeIgniter))
11 FCPATH\index.php(59): CodeIgniter\Boot::bootWeb(Object(Config\Paths))
WARNING - 2025-11-16 15:41:03 --> [DEPRECATED] Passing lowercase HTTP method "post" is deprecated. Use uppercase HTTP method like "POST". in SYSTEMPATH\Router\RouteCollection.php on line 1026.
 1 SYSTEMPATH\Router\RouteCollection.php(1026): trigger_error('Passing lowercase HTTP method "post" is deprecated. Use uppercase HTTP method like "POST".', 16384)
 2 APPPATH\Config\Routes.php(37): CodeIgniter\Router\RouteCollection->match([...], 'login', 'Users::login')
 3 SYSTEMPATH\Router\RouteCollection.php(799): CodeIgniter\Router\RouteCollection::{closure}(Object(CodeIgniter\Router\RouteCollection))
 4 APPPATH\Config\Routes.php(13): CodeIgniter\Router\RouteCollection->group('api', [...], Object(Closure))
 5 SYSTEMPATH\Router\RouteCollection.php(339): require('C:\\xampp\\htdocs\\TUSBinGroup2\\BinBackendG2\\app\\Config\\Routes.php')
 6 SYSTEMPATH\CodeIgniter.php(821): CodeIgniter\Router\RouteCollection->loadRoutes()
 7 SYSTEMPATH\CodeIgniter.php(455): CodeIgniter\CodeIgniter->tryToRouteIt(null)
 8 SYSTEMPATH\CodeIgniter.php(354): CodeIgniter\CodeIgniter->handleRequest(null, Object(Config\Cache), false)
 9 SYSTEMPATH\Boot.php(363): CodeIgniter\CodeIgniter->run()
10 SYSTEMPATH\Boot.php(68): CodeIgniter\Boot::runCodeIgniter(Object(CodeIgniter\CodeIgniter))
11 FCPATH\index.php(59): CodeIgniter\Boot::bootWeb(Object(Config\Paths))
ERROR - 2025-11-16 15:41:03 --> mysqli_sql_exception: PROCEDURE tusbinright2.sp_get_items does not exist in C:\xampp\htdocs\TUSBinGroup2\BinBackendG2\system\Database\MySQLi\Connection.php:327
Stack trace:
#0 C:\xampp\htdocs\TUSBinGroup2\BinBackendG2\system\Database\MySQLi\Connection.php(327): mysqli->query('CALL sp_get_ite...', 0)
#1 C:\xampp\htdocs\TUSBinGroup2\BinBackendG2\system\Database\BaseConnection.php(729): CodeIgniter\Database\MySQLi\Connection->execute('CALL sp_get_ite...')
#2 C:\xampp\htdocs\TUSBinGroup2\BinBackendG2\system\Database\BaseConnection.php(646): CodeIgniter\Database\BaseConnection->simpleQuery('CALL sp_get_ite...')
#3 C:\xampp\htdocs\TUSBinGroup2\BinBackendG2\app\Controllers\Api\Items.php(12): CodeIgniter\Database\BaseConnection->query('CALL sp_get_ite...')
#4 C:\xampp\htdocs\TUSBinGroup2\BinBackendG2\system\CodeIgniter.php(933): App\Controllers\Api\Items->index()
#5 C:\xampp\htdocs\TUSBinGroup2\BinBackendG2\system\CodeIgniter.php(507): CodeIgniter\CodeIgniter->runController(Object(App\Controllers\Api\Items))
#6 C:\xampp\htdocs\TUSBinGroup2\BinBackendG2\system\CodeIgniter.php(354): CodeIgniter\CodeIgniter->handleRequest(NULL, Object(Config\Cache), false)
#7 C:\xampp\htdocs\TUSBinGroup2\BinBackendG2\system\Boot.php(363): CodeIgniter\CodeIgniter->run()
#8 C:\xampp\htdocs\TUSBinGroup2\BinBackendG2\system\Boot.php(68): CodeIgniter\Boot::runCodeIgniter(Object(CodeIgniter\CodeIgniter))
#9 C:\xampp\htdocs\TUSBinGroup2\BinBackendG2\public\index.php(59): CodeIgniter\Boot::bootWeb(Object(Config\Paths))
#10 {main}
CRITICAL - 2025-11-16 15:41:03 --> CodeIgniter\Database\Exceptions\DatabaseException: PROCEDURE tusbinright2.sp_get_items does not exist
[Method: GET, Route: api/items]
in SYSTEMPATH\Database\BaseConnection.php on line 684.
 1 APPPATH\Controllers\Api\Items.php(12): CodeIgniter\Database\BaseConnection->query('CALL sp_get_items()')
 2 SYSTEMPATH\CodeIgniter.php(933): App\Controllers\Api\Items->index()
 3 SYSTEMPATH\CodeIgniter.php(507): CodeIgniter\CodeIgniter->runController(Object(App\Controllers\Api\Items))
 4 SYSTEMPATH\CodeIgniter.php(354): CodeIgniter\CodeIgniter->handleRequest(null, Object(Config\Cache), false)
 5 SYSTEMPATH\Boot.php(363): CodeIgniter\CodeIgniter->run()
 6 SYSTEMPATH\Boot.php(68): CodeIgniter\Boot::runCodeIgniter(Object(CodeIgniter\CodeIgniter))
 7 FCPATH\index.php(59): CodeIgniter\Boot::bootWeb(Object(Config\Paths))
CRITICAL - 2025-11-16 15:41:03 --> [Caused by] CodeIgniter\Database\Exceptions\DatabaseException: PROCEDURE tusbinright2.sp_get_items does not exist
in SYSTEMPATH\Database\MySQLi\Connection.php on line 332.
 1 SYSTEMPATH\Database\BaseConnection.php(729): CodeIgniter\Database\MySQLi\Connection->execute('CALL sp_get_items()')
 2 SYSTEMPATH\Database\BaseConnection.php(646): CodeIgniter\Database\BaseConnection->simpleQuery('CALL sp_get_items()')
 3 APPPATH\Controllers\Api\Items.php(12): CodeIgniter\Database\BaseConnection->query('CALL sp_get_items()')
 4 SYSTEMPATH\CodeIgniter.php(933): App\Controllers\Api\Items->index()
 5 SYSTEMPATH\CodeIgniter.php(507): CodeIgniter\CodeIgniter->runController(Object(App\Controllers\Api\Items))
 6 SYSTEMPATH\CodeIgniter.php(354): CodeIgniter\CodeIgniter->handleRequest(null, Object(Config\Cache), false)
 7 SYSTEMPATH\Boot.php(363): CodeIgniter\CodeIgniter->run()
 8 SYSTEMPATH\Boot.php(68): CodeIgniter\Boot::runCodeIgniter(Object(CodeIgniter\CodeIgniter))
 9 FCPATH\index.php(59): CodeIgniter\Boot::bootWeb(Object(Config\Paths))
CRITICAL - 2025-11-16 15:41:03 --> [Caused by] mysqli_sql_exception: PROCEDURE tusbinright2.sp_get_items does not exist
in SYSTEMPATH\Database\MySQLi\Connection.php on line 327.
 1 SYSTEMPATH\Database\MySQLi\Connection.php(327): mysqli->query('CALL sp_get_items()', 0)
 2 SYSTEMPATH\Database\BaseConnection.php(729): CodeIgniter\Database\MySQLi\Connection->execute('CALL sp_get_items()')
 3 SYSTEMPATH\Database\BaseConnection.php(646): CodeIgniter\Database\BaseConnection->simpleQuery('CALL sp_get_items()')
 4 APPPATH\Controllers\Api\Items.php(12): CodeIgniter\Database\BaseConnection->query('CALL sp_get_items()')
 5 SYSTEMPATH\CodeIgniter.php(933): App\Controllers\Api\Items->index()
 6 SYSTEMPATH\CodeIgniter.php(507): CodeIgniter\CodeIgniter->runController(Object(App\Controllers\Api\Items))
 7 SYSTEMPATH\CodeIgniter.php(354): CodeIgniter\CodeIgniter->handleRequest(null, Object(Config\Cache), false)
 8 SYSTEMPATH\Boot.php(363): CodeIgniter\CodeIgniter->run()
 9 SYSTEMPATH\Boot.php(68): CodeIgniter\Boot::runCodeIgniter(Object(CodeIgniter\CodeIgniter))
10 FCPATH\index.php(59): CodeIgniter\Boot::bootWeb(Object(Config\Paths))
