ERROR - 2025-10-28 23:16:05 --> Error connecting to the database: mysqli_sql_exception: Unknown database 'tusbinright2' in C:\xampp82\htdocs\TUSBinGroup2\BinBackendG2\system\Database\MySQLi\Connection.php:201
Stack trace:
#0 C:\xampp82\htdocs\TUSBinGroup2\BinBackendG2\system\Database\MySQLi\Connection.php(201): mysqli->real_connect('localhost', 'root', Object(SensitiveParameterValue), 'tusbinright2', 3306, '', 0)
#1 C:\xampp82\htdocs\TUSBinGroup2\BinBackendG2\system\Database\BaseConnection.php(419): CodeIgniter\Database\MySQLi\Connection->connect(false)
#2 C:\xampp82\htdocs\TUSBinGroup2\BinBackendG2\system\Database\BaseConnection.php(614): CodeIgniter\Database\BaseConnection->initialize()
#3 C:\xampp82\htdocs\TUSBinGroup2\BinBackendG2\app\Controllers\Api\Bins.php(12): CodeIgniter\Database\BaseConnection->query('CALL adm_Read_b...')
#4 C:\xampp82\htdocs\TUSBinGroup2\BinBackendG2\system\CodeIgniter.php(933): App\Controllers\Api\Bins->index()
#5 C:\xampp82\htdocs\TUSBinGroup2\BinBackendG2\system\CodeIgniter.php(507): CodeIgniter\CodeIgniter->runController(Object(App\Controllers\Api\Bins))
#6 C:\xampp82\htdocs\TUSBinGroup2\BinBackendG2\system\CodeIgniter.php(354): CodeIgniter\CodeIgniter->handleRequest(NULL, Object(Config\Cache), false)
#7 C:\xampp82\htdocs\TUSBinGroup2\BinBackendG2\system\Boot.php(363): CodeIgniter\CodeIgniter->run()
#8 C:\xampp82\htdocs\TUSBinGroup2\BinBackendG2\system\Boot.php(68): CodeIgniter\Boot::runCodeIgniter(Object(CodeIgniter\CodeIgniter))
#9 C:\xampp82\htdocs\TUSBinGroup2\BinBackendG2\public\index.php(59): CodeIgniter\Boot::bootWeb(Object(Config\Paths))
#10 {main}

Next CodeIgniter\Database\Exceptions\DatabaseException: Unknown database 'tusbinright2' in C:\xampp82\htdocs\TUSBinGroup2\BinBackendG2\system\Database\MySQLi\Connection.php:246
Stack trace:
#0 C:\xampp82\htdocs\TUSBinGroup2\BinBackendG2\system\Database\BaseConnection.php(419): CodeIgniter\Database\MySQLi\Connection->connect(false)
#1 C:\xampp82\htdocs\TUSBinGroup2\BinBackendG2\system\Database\BaseConnection.php(614): CodeIgniter\Database\BaseConnection->initialize()
#2 C:\xampp82\htdocs\TUSBinGroup2\BinBackendG2\app\Controllers\Api\Bins.php(12): CodeIgniter\Database\BaseConnection->query('CALL adm_Read_b...')
#3 C:\xampp82\htdocs\TUSBinGroup2\BinBackendG2\system\CodeIgniter.php(933): App\Controllers\Api\Bins->index()
#4 C:\xampp82\htdocs\TUSBinGroup2\BinBackendG2\system\CodeIgniter.php(507): CodeIgniter\CodeIgniter->runController(Object(App\Controllers\Api\Bins))
#5 C:\xampp82\htdocs\TUSBinGroup2\BinBackendG2\system\CodeIgniter.php(354): CodeIgniter\CodeIgniter->handleRequest(NULL, Object(Config\Cache), false)
#6 C:\xampp82\htdocs\TUSBinGroup2\BinBackendG2\system\Boot.php(363): CodeIgniter\CodeIgniter->run()
#7 C:\xampp82\htdocs\TUSBinGroup2\BinBackendG2\system\Boot.php(68): CodeIgniter\Boot::runCodeIgniter(Object(CodeIgniter\CodeIgniter))
#8 C:\xampp82\htdocs\TUSBinGroup2\BinBackendG2\public\index.php(59): CodeIgniter\Boot::bootWeb(Object(Config\Paths))
#9 {main}
CRITICAL - 2025-10-28 23:16:05 --> CodeIgniter\Database\Exceptions\DatabaseException: Unable to connect to the database.
Main connection [MySQLi]: Unknown database 'tusbinright2'
[Method: GET, Route: api/bins]
in SYSTEMPATH\Database\BaseConnection.php on line 465.
 1 SYSTEMPATH\Database\BaseConnection.php(614): CodeIgniter\Database\BaseConnection->initialize()
 2 APPPATH\Controllers\Api\Bins.php(12): CodeIgniter\Database\BaseConnection->query('CALL adm_Read_bins();')
 3 SYSTEMPATH\CodeIgniter.php(933): App\Controllers\Api\Bins->index()
 4 SYSTEMPATH\CodeIgniter.php(507): CodeIgniter\CodeIgniter->runController(Object(App\Controllers\Api\Bins))
 5 SYSTEMPATH\CodeIgniter.php(354): CodeIgniter\CodeIgniter->handleRequest(null, Object(Config\Cache), false)
 6 SYSTEMPATH\Boot.php(363): CodeIgniter\CodeIgniter->run()
 7 SYSTEMPATH\Boot.php(68): CodeIgniter\Boot::runCodeIgniter(Object(CodeIgniter\CodeIgniter))
 8 FCPATH\index.php(59): CodeIgniter\Boot::bootWeb(Object(Config\Paths))
