ERROR - 2025-11-10 19:52:11 --> mysqli_sql_exception: PROCEDURE tusbinright2.sp_add_step does not exist in C:\xampp\htdocs\TUSBinGroup2\BinBackendG2\system\Database\MySQLi\Connection.php:327
Stack trace:
#0 C:\xampp\htdocs\TUSBinGroup2\BinBackendG2\system\Database\MySQLi\Connection.php(327): mysqli->query('CALL sp_add_ste...', 0)
#1 C:\xampp\htdocs\TUSBinGroup2\BinBackendG2\system\Database\BaseConnection.php(729): CodeIgniter\Database\MySQLi\Connection->execute('CALL sp_add_ste...')
#2 C:\xampp\htdocs\TUSBinGroup2\BinBackendG2\system\Database\BaseConnection.php(646): CodeIgniter\Database\BaseConnection->simpleQuery('CALL sp_add_ste...')
#3 C:\xampp\htdocs\TUSBinGroup2\BinBackendG2\app\Controllers\Api\Steps.php(53): CodeIgniter\Database\BaseConnection->query('CALL sp_add_ste...', Array)
#4 C:\xampp\htdocs\TUSBinGroup2\BinBackendG2\system\CodeIgniter.php(933): App\Controllers\Api\Steps->create()
#5 C:\xampp\htdocs\TUSBinGroup2\BinBackendG2\system\CodeIgniter.php(507): CodeIgniter\CodeIgniter->runController(Object(App\Controllers\Api\Steps))
#6 C:\xampp\htdocs\TUSBinGroup2\BinBackendG2\system\CodeIgniter.php(354): CodeIgniter\CodeIgniter->handleRequest(NULL, Object(Config\Cache), false)
#7 C:\xampp\htdocs\TUSBinGroup2\BinBackendG2\system\Boot.php(363): CodeIgniter\CodeIgniter->run()
#8 C:\xampp\htdocs\TUSBinGroup2\BinBackendG2\system\Boot.php(68): CodeIgniter\Boot::runCodeIgniter(Object(CodeIgniter\CodeIgniter))
#9 C:\xampp\htdocs\TUSBinGroup2\BinBackendG2\public\index.php(59): CodeIgniter\Boot::bootWeb(Object(Config\Paths))
#10 {main}
CRITICAL - 2025-11-10 19:52:11 --> CodeIgniter\Database\Exceptions\DatabaseException: PROCEDURE tusbinright2.sp_add_step does not exist
[Method: POST, Route: api/steps]
in SYSTEMPATH\Database\BaseConnection.php on line 684.
 1 APPPATH\Controllers\Api\Steps.php(53): CodeIgniter\Database\BaseConnection->query('CALL sp_add_step(?)', [...])
 2 SYSTEMPATH\CodeIgniter.php(933): App\Controllers\Api\Steps->create()
 3 SYSTEMPATH\CodeIgniter.php(507): CodeIgniter\CodeIgniter->runController(Object(App\Controllers\Api\Steps))
 4 SYSTEMPATH\CodeIgniter.php(354): CodeIgniter\CodeIgniter->handleRequest(null, Object(Config\Cache), false)
 5 SYSTEMPATH\Boot.php(363): CodeIgniter\CodeIgniter->run()
 6 SYSTEMPATH\Boot.php(68): CodeIgniter\Boot::runCodeIgniter(Object(CodeIgniter\CodeIgniter))
 7 FCPATH\index.php(59): CodeIgniter\Boot::bootWeb(Object(Config\Paths))
CRITICAL - 2025-11-10 19:52:11 --> [Caused by] CodeIgniter\Database\Exceptions\DatabaseException: PROCEDURE tusbinright2.sp_add_step does not exist
in SYSTEMPATH\Database\MySQLi\Connection.php on line 332.
 1 SYSTEMPATH\Database\BaseConnection.php(729): CodeIgniter\Database\MySQLi\Connection->execute('CALL sp_add_step(\'FFFFFFFF\')')
 2 SYSTEMPATH\Database\BaseConnection.php(646): CodeIgniter\Database\BaseConnection->simpleQuery('CALL sp_add_step(\'FFFFFFFF\')')
 3 APPPATH\Controllers\Api\Steps.php(53): CodeIgniter\Database\BaseConnection->query('CALL sp_add_step(?)', [...])
 4 SYSTEMPATH\CodeIgniter.php(933): App\Controllers\Api\Steps->create()
 5 SYSTEMPATH\CodeIgniter.php(507): CodeIgniter\CodeIgniter->runController(Object(App\Controllers\Api\Steps))
 6 SYSTEMPATH\CodeIgniter.php(354): CodeIgniter\CodeIgniter->handleRequest(null, Object(Config\Cache), false)
 7 SYSTEMPATH\Boot.php(363): CodeIgniter\CodeIgniter->run()
 8 SYSTEMPATH\Boot.php(68): CodeIgniter\Boot::runCodeIgniter(Object(CodeIgniter\CodeIgniter))
 9 FCPATH\index.php(59): CodeIgniter\Boot::bootWeb(Object(Config\Paths))
CRITICAL - 2025-11-10 19:52:11 --> [Caused by] mysqli_sql_exception: PROCEDURE tusbinright2.sp_add_step does not exist
in SYSTEMPATH\Database\MySQLi\Connection.php on line 327.
 1 SYSTEMPATH\Database\MySQLi\Connection.php(327): mysqli->query('CALL sp_add_step(\'FFFFFFFF\')', 0)
 2 SYSTEMPATH\Database\BaseConnection.php(729): CodeIgniter\Database\MySQLi\Connection->execute('CALL sp_add_step(\'FFFFFFFF\')')
 3 SYSTEMPATH\Database\BaseConnection.php(646): CodeIgniter\Database\BaseConnection->simpleQuery('CALL sp_add_step(\'FFFFFFFF\')')
 4 APPPATH\Controllers\Api\Steps.php(53): CodeIgniter\Database\BaseConnection->query('CALL sp_add_step(?)', [...])
 5 SYSTEMPATH\CodeIgniter.php(933): App\Controllers\Api\Steps->create()
 6 SYSTEMPATH\CodeIgniter.php(507): CodeIgniter\CodeIgniter->runController(Object(App\Controllers\Api\Steps))
 7 SYSTEMPATH\CodeIgniter.php(354): CodeIgniter\CodeIgniter->handleRequest(null, Object(Config\Cache), false)
 8 SYSTEMPATH\Boot.php(363): CodeIgniter\CodeIgniter->run()
 9 SYSTEMPATH\Boot.php(68): CodeIgniter\Boot::runCodeIgniter(Object(CodeIgniter\CodeIgniter))
10 FCPATH\index.php(59): CodeIgniter\Boot::bootWeb(Object(Config\Paths))
ERROR - 2025-11-10 19:55:14 --> mysqli_sql_exception: Cannot add or update a child row: a foreign key constraint fails (`tusbinright2`.`bintypeprepsteps`, CONSTRAINT `fk_prep_bin` FOREIGN KEY (`binTypeID`) REFERENCES `bintype` (`binTypeID`) ON DELETE CASCADE ON UPDATE CASCADE) in C:\xampp\htdocs\TUSBinGroup2\BinBackendG2\system\Database\MySQLi\Connection.php:327
Stack trace:
#0 C:\xampp\htdocs\TUSBinGroup2\BinBackendG2\system\Database\MySQLi\Connection.php(327): mysqli->query('CALL sp_add_ste...', 0)
#1 C:\xampp\htdocs\TUSBinGroup2\BinBackendG2\system\Database\BaseConnection.php(729): CodeIgniter\Database\MySQLi\Connection->execute('CALL sp_add_ste...')
#2 C:\xampp\htdocs\TUSBinGroup2\BinBackendG2\system\Database\BaseConnection.php(646): CodeIgniter\Database\BaseConnection->simpleQuery('CALL sp_add_ste...')
#3 C:\xampp\htdocs\TUSBinGroup2\BinBackendG2\app\Controllers\Api\Steps.php(53): CodeIgniter\Database\BaseConnection->query('CALL sp_add_ste...', Array)
#4 C:\xampp\htdocs\TUSBinGroup2\BinBackendG2\system\CodeIgniter.php(933): App\Controllers\Api\Steps->create()
#5 C:\xampp\htdocs\TUSBinGroup2\BinBackendG2\system\CodeIgniter.php(507): CodeIgniter\CodeIgniter->runController(Object(App\Controllers\Api\Steps))
#6 C:\xampp\htdocs\TUSBinGroup2\BinBackendG2\system\CodeIgniter.php(354): CodeIgniter\CodeIgniter->handleRequest(NULL, Object(Config\Cache), false)
#7 C:\xampp\htdocs\TUSBinGroup2\BinBackendG2\system\Boot.php(363): CodeIgniter\CodeIgniter->run()
#8 C:\xampp\htdocs\TUSBinGroup2\BinBackendG2\system\Boot.php(68): CodeIgniter\Boot::runCodeIgniter(Object(CodeIgniter\CodeIgniter))
#9 C:\xampp\htdocs\TUSBinGroup2\BinBackendG2\public\index.php(59): CodeIgniter\Boot::bootWeb(Object(Config\Paths))
#10 {main}
CRITICAL - 2025-11-10 19:55:14 --> CodeIgniter\Database\Exceptions\DatabaseException: Cannot add or update a child row: a foreign key constraint fails (`tusbinright2`.`bintypeprepsteps`, CONSTRAINT `fk_prep_bin` FOREIGN KEY (`binTypeID`) REFERENCES `bintype` (`binTypeID`) ON DELETE CASCADE ON UPDATE CASCADE)
[Method: POST, Route: api/steps]
in SYSTEMPATH\Database\BaseConnection.php on line 684.
 1 APPPATH\Controllers\Api\Steps.php(53): CodeIgniter\Database\BaseConnection->query('CALL sp_add_step(?)', [...])
 2 SYSTEMPATH\CodeIgniter.php(933): App\Controllers\Api\Steps->create()
 3 SYSTEMPATH\CodeIgniter.php(507): CodeIgniter\CodeIgniter->runController(Object(App\Controllers\Api\Steps))
 4 SYSTEMPATH\CodeIgniter.php(354): CodeIgniter\CodeIgniter->handleRequest(null, Object(Config\Cache), false)
 5 SYSTEMPATH\Boot.php(363): CodeIgniter\CodeIgniter->run()
 6 SYSTEMPATH\Boot.php(68): CodeIgniter\Boot::runCodeIgniter(Object(CodeIgniter\CodeIgniter))
 7 FCPATH\index.php(59): CodeIgniter\Boot::bootWeb(Object(Config\Paths))
CRITICAL - 2025-11-10 19:55:14 --> [Caused by] CodeIgniter\Database\Exceptions\DatabaseException: Cannot add or update a child row: a foreign key constraint fails (`tusbinright2`.`bintypeprepsteps`, CONSTRAINT `fk_prep_bin` FOREIGN KEY (`binTypeID`) REFERENCES `bintype` (`binTypeID`) ON DELETE CASCADE ON UPDATE CASCADE)
in SYSTEMPATH\Database\MySQLi\Connection.php on line 332.
 1 SYSTEMPATH\Database\BaseConnection.php(729): CodeIgniter\Database\MySQLi\Connection->execute('CALL sp_add_step(\'FFFFFFFF\')')
 2 SYSTEMPATH\Database\BaseConnection.php(646): CodeIgniter\Database\BaseConnection->simpleQuery('CALL sp_add_step(\'FFFFFFFF\')')
 3 APPPATH\Controllers\Api\Steps.php(53): CodeIgniter\Database\BaseConnection->query('CALL sp_add_step(?)', [...])
 4 SYSTEMPATH\CodeIgniter.php(933): App\Controllers\Api\Steps->create()
 5 SYSTEMPATH\CodeIgniter.php(507): CodeIgniter\CodeIgniter->runController(Object(App\Controllers\Api\Steps))
 6 SYSTEMPATH\CodeIgniter.php(354): CodeIgniter\CodeIgniter->handleRequest(null, Object(Config\Cache), false)
 7 SYSTEMPATH\Boot.php(363): CodeIgniter\CodeIgniter->run()
 8 SYSTEMPATH\Boot.php(68): CodeIgniter\Boot::runCodeIgniter(Object(CodeIgniter\CodeIgniter))
 9 FCPATH\index.php(59): CodeIgniter\Boot::bootWeb(Object(Config\Paths))
CRITICAL - 2025-11-10 19:55:14 --> [Caused by] mysqli_sql_exception: Cannot add or update a child row: a foreign key constraint fails (`tusbinright2`.`bintypeprepsteps`, CONSTRAINT `fk_prep_bin` FOREIGN KEY (`binTypeID`) REFERENCES `bintype` (`binTypeID`) ON DELETE CASCADE ON UPDATE CASCADE)
in SYSTEMPATH\Database\MySQLi\Connection.php on line 327.
 1 SYSTEMPATH\Database\MySQLi\Connection.php(327): mysqli->query('CALL sp_add_step(\'FFFFFFFF\')', 0)
 2 SYSTEMPATH\Database\BaseConnection.php(729): CodeIgniter\Database\MySQLi\Connection->execute('CALL sp_add_step(\'FFFFFFFF\')')
 3 SYSTEMPATH\Database\BaseConnection.php(646): CodeIgniter\Database\BaseConnection->simpleQuery('CALL sp_add_step(\'FFFFFFFF\')')
 4 APPPATH\Controllers\Api\Steps.php(53): CodeIgniter\Database\BaseConnection->query('CALL sp_add_step(?)', [...])
 5 SYSTEMPATH\CodeIgniter.php(933): App\Controllers\Api\Steps->create()
 6 SYSTEMPATH\CodeIgniter.php(507): CodeIgniter\CodeIgniter->runController(Object(App\Controllers\Api\Steps))
 7 SYSTEMPATH\CodeIgniter.php(354): CodeIgniter\CodeIgniter->handleRequest(null, Object(Config\Cache), false)
 8 SYSTEMPATH\Boot.php(363): CodeIgniter\CodeIgniter->run()
 9 SYSTEMPATH\Boot.php(68): CodeIgniter\Boot::runCodeIgniter(Object(CodeIgniter\CodeIgniter))
10 FCPATH\index.php(59): CodeIgniter\Boot::bootWeb(Object(Config\Paths))
ERROR - 2025-11-10 20:03:47 --> mysqli_sql_exception: Cannot add or update a child row: a foreign key constraint fails (`tusbinright2`.`bintypeprepsteps`, CONSTRAINT `fk_prep_bin` FOREIGN KEY (`binTypeID`) REFERENCES `bintype` (`binTypeID`) ON DELETE CASCADE ON UPDATE CASCADE) in C:\xampp\htdocs\TUSBinGroup2\BinBackendG2\system\Database\MySQLi\Connection.php:327
Stack trace:
#0 C:\xampp\htdocs\TUSBinGroup2\BinBackendG2\system\Database\MySQLi\Connection.php(327): mysqli->query('CALL sp_add_ste...', 0)
#1 C:\xampp\htdocs\TUSBinGroup2\BinBackendG2\system\Database\BaseConnection.php(729): CodeIgniter\Database\MySQLi\Connection->execute('CALL sp_add_ste...')
#2 C:\xampp\htdocs\TUSBinGroup2\BinBackendG2\system\Database\BaseConnection.php(646): CodeIgniter\Database\BaseConnection->simpleQuery('CALL sp_add_ste...')
#3 C:\xampp\htdocs\TUSBinGroup2\BinBackendG2\app\Controllers\Api\Steps.php(53): CodeIgniter\Database\BaseConnection->query('CALL sp_add_ste...', Array)
#4 C:\xampp\htdocs\TUSBinGroup2\BinBackendG2\system\CodeIgniter.php(933): App\Controllers\Api\Steps->create()
#5 C:\xampp\htdocs\TUSBinGroup2\BinBackendG2\system\CodeIgniter.php(507): CodeIgniter\CodeIgniter->runController(Object(App\Controllers\Api\Steps))
#6 C:\xampp\htdocs\TUSBinGroup2\BinBackendG2\system\CodeIgniter.php(354): CodeIgniter\CodeIgniter->handleRequest(NULL, Object(Config\Cache), false)
#7 C:\xampp\htdocs\TUSBinGroup2\BinBackendG2\system\Boot.php(363): CodeIgniter\CodeIgniter->run()
#8 C:\xampp\htdocs\TUSBinGroup2\BinBackendG2\system\Boot.php(68): CodeIgniter\Boot::runCodeIgniter(Object(CodeIgniter\CodeIgniter))
#9 C:\xampp\htdocs\TUSBinGroup2\BinBackendG2\public\index.php(59): CodeIgniter\Boot::bootWeb(Object(Config\Paths))
#10 {main}
CRITICAL - 2025-11-10 20:03:47 --> CodeIgniter\Database\Exceptions\DatabaseException: Cannot add or update a child row: a foreign key constraint fails (`tusbinright2`.`bintypeprepsteps`, CONSTRAINT `fk_prep_bin` FOREIGN KEY (`binTypeID`) REFERENCES `bintype` (`binTypeID`) ON DELETE CASCADE ON UPDATE CASCADE)
[Method: POST, Route: api/steps]
in SYSTEMPATH\Database\BaseConnection.php on line 684.
 1 APPPATH\Controllers\Api\Steps.php(53): CodeIgniter\Database\BaseConnection->query('CALL sp_add_step(?)', [...])
 2 SYSTEMPATH\CodeIgniter.php(933): App\Controllers\Api\Steps->create()
 3 SYSTEMPATH\CodeIgniter.php(507): CodeIgniter\CodeIgniter->runController(Object(App\Controllers\Api\Steps))
 4 SYSTEMPATH\CodeIgniter.php(354): CodeIgniter\CodeIgniter->handleRequest(null, Object(Config\Cache), false)
 5 SYSTEMPATH\Boot.php(363): CodeIgniter\CodeIgniter->run()
 6 SYSTEMPATH\Boot.php(68): CodeIgniter\Boot::runCodeIgniter(Object(CodeIgniter\CodeIgniter))
 7 FCPATH\index.php(59): CodeIgniter\Boot::bootWeb(Object(Config\Paths))
CRITICAL - 2025-11-10 20:03:47 --> [Caused by] CodeIgniter\Database\Exceptions\DatabaseException: Cannot add or update a child row: a foreign key constraint fails (`tusbinright2`.`bintypeprepsteps`, CONSTRAINT `fk_prep_bin` FOREIGN KEY (`binTypeID`) REFERENCES `bintype` (`binTypeID`) ON DELETE CASCADE ON UPDATE CASCADE)
in SYSTEMPATH\Database\MySQLi\Connection.php on line 332.
 1 SYSTEMPATH\Database\BaseConnection.php(729): CodeIgniter\Database\MySQLi\Connection->execute('CALL sp_add_step(\'FFFFFFFF\')')
 2 SYSTEMPATH\Database\BaseConnection.php(646): CodeIgniter\Database\BaseConnection->simpleQuery('CALL sp_add_step(\'FFFFFFFF\')')
 3 APPPATH\Controllers\Api\Steps.php(53): CodeIgniter\Database\BaseConnection->query('CALL sp_add_step(?)', [...])
 4 SYSTEMPATH\CodeIgniter.php(933): App\Controllers\Api\Steps->create()
 5 SYSTEMPATH\CodeIgniter.php(507): CodeIgniter\CodeIgniter->runController(Object(App\Controllers\Api\Steps))
 6 SYSTEMPATH\CodeIgniter.php(354): CodeIgniter\CodeIgniter->handleRequest(null, Object(Config\Cache), false)
 7 SYSTEMPATH\Boot.php(363): CodeIgniter\CodeIgniter->run()
 8 SYSTEMPATH\Boot.php(68): CodeIgniter\Boot::runCodeIgniter(Object(CodeIgniter\CodeIgniter))
 9 FCPATH\index.php(59): CodeIgniter\Boot::bootWeb(Object(Config\Paths))
CRITICAL - 2025-11-10 20:03:47 --> [Caused by] mysqli_sql_exception: Cannot add or update a child row: a foreign key constraint fails (`tusbinright2`.`bintypeprepsteps`, CONSTRAINT `fk_prep_bin` FOREIGN KEY (`binTypeID`) REFERENCES `bintype` (`binTypeID`) ON DELETE CASCADE ON UPDATE CASCADE)
in SYSTEMPATH\Database\MySQLi\Connection.php on line 327.
 1 SYSTEMPATH\Database\MySQLi\Connection.php(327): mysqli->query('CALL sp_add_step(\'FFFFFFFF\')', 0)
 2 SYSTEMPATH\Database\BaseConnection.php(729): CodeIgniter\Database\MySQLi\Connection->execute('CALL sp_add_step(\'FFFFFFFF\')')
 3 SYSTEMPATH\Database\BaseConnection.php(646): CodeIgniter\Database\BaseConnection->simpleQuery('CALL sp_add_step(\'FFFFFFFF\')')
 4 APPPATH\Controllers\Api\Steps.php(53): CodeIgniter\Database\BaseConnection->query('CALL sp_add_step(?)', [...])
 5 SYSTEMPATH\CodeIgniter.php(933): App\Controllers\Api\Steps->create()
 6 SYSTEMPATH\CodeIgniter.php(507): CodeIgniter\CodeIgniter->runController(Object(App\Controllers\Api\Steps))
 7 SYSTEMPATH\CodeIgniter.php(354): CodeIgniter\CodeIgniter->handleRequest(null, Object(Config\Cache), false)
 8 SYSTEMPATH\Boot.php(363): CodeIgniter\CodeIgniter->run()
 9 SYSTEMPATH\Boot.php(68): CodeIgniter\Boot::runCodeIgniter(Object(CodeIgniter\CodeIgniter))
10 FCPATH\index.php(59): CodeIgniter\Boot::bootWeb(Object(Config\Paths))
ERROR - 2025-11-10 20:04:09 --> mysqli_sql_exception: Cannot add or update a child row: a foreign key constraint fails (`tusbinright2`.`bintypeprepsteps`, CONSTRAINT `fk_prep_bin` FOREIGN KEY (`binTypeID`) REFERENCES `bintype` (`binTypeID`) ON DELETE CASCADE ON UPDATE CASCADE) in C:\xampp\htdocs\TUSBinGroup2\BinBackendG2\system\Database\MySQLi\Connection.php:327
Stack trace:
#0 C:\xampp\htdocs\TUSBinGroup2\BinBackendG2\system\Database\MySQLi\Connection.php(327): mysqli->query('CALL sp_add_ste...', 0)
#1 C:\xampp\htdocs\TUSBinGroup2\BinBackendG2\system\Database\BaseConnection.php(729): CodeIgniter\Database\MySQLi\Connection->execute('CALL sp_add_ste...')
#2 C:\xampp\htdocs\TUSBinGroup2\BinBackendG2\system\Database\BaseConnection.php(646): CodeIgniter\Database\BaseConnection->simpleQuery('CALL sp_add_ste...')
#3 C:\xampp\htdocs\TUSBinGroup2\BinBackendG2\app\Controllers\Api\Steps.php(53): CodeIgniter\Database\BaseConnection->query('CALL sp_add_ste...', Array)
#4 C:\xampp\htdocs\TUSBinGroup2\BinBackendG2\system\CodeIgniter.php(933): App\Controllers\Api\Steps->create()
#5 C:\xampp\htdocs\TUSBinGroup2\BinBackendG2\system\CodeIgniter.php(507): CodeIgniter\CodeIgniter->runController(Object(App\Controllers\Api\Steps))
#6 C:\xampp\htdocs\TUSBinGroup2\BinBackendG2\system\CodeIgniter.php(354): CodeIgniter\CodeIgniter->handleRequest(NULL, Object(Config\Cache), false)
#7 C:\xampp\htdocs\TUSBinGroup2\BinBackendG2\system\Boot.php(363): CodeIgniter\CodeIgniter->run()
#8 C:\xampp\htdocs\TUSBinGroup2\BinBackendG2\system\Boot.php(68): CodeIgniter\Boot::runCodeIgniter(Object(CodeIgniter\CodeIgniter))
#9 C:\xampp\htdocs\TUSBinGroup2\BinBackendG2\public\index.php(59): CodeIgniter\Boot::bootWeb(Object(Config\Paths))
#10 {main}
CRITICAL - 2025-11-10 20:04:09 --> CodeIgniter\Database\Exceptions\DatabaseException: Cannot add or update a child row: a foreign key constraint fails (`tusbinright2`.`bintypeprepsteps`, CONSTRAINT `fk_prep_bin` FOREIGN KEY (`binTypeID`) REFERENCES `bintype` (`binTypeID`) ON DELETE CASCADE ON UPDATE CASCADE)
[Method: POST, Route: api/steps]
in SYSTEMPATH\Database\BaseConnection.php on line 684.
 1 APPPATH\Controllers\Api\Steps.php(53): CodeIgniter\Database\BaseConnection->query('CALL sp_add_step(?)', [...])
 2 SYSTEMPATH\CodeIgniter.php(933): App\Controllers\Api\Steps->create()
 3 SYSTEMPATH\CodeIgniter.php(507): CodeIgniter\CodeIgniter->runController(Object(App\Controllers\Api\Steps))
 4 SYSTEMPATH\CodeIgniter.php(354): CodeIgniter\CodeIgniter->handleRequest(null, Object(Config\Cache), false)
 5 SYSTEMPATH\Boot.php(363): CodeIgniter\CodeIgniter->run()
 6 SYSTEMPATH\Boot.php(68): CodeIgniter\Boot::runCodeIgniter(Object(CodeIgniter\CodeIgniter))
 7 FCPATH\index.php(59): CodeIgniter\Boot::bootWeb(Object(Config\Paths))
CRITICAL - 2025-11-10 20:04:09 --> [Caused by] CodeIgniter\Database\Exceptions\DatabaseException: Cannot add or update a child row: a foreign key constraint fails (`tusbinright2`.`bintypeprepsteps`, CONSTRAINT `fk_prep_bin` FOREIGN KEY (`binTypeID`) REFERENCES `bintype` (`binTypeID`) ON DELETE CASCADE ON UPDATE CASCADE)
in SYSTEMPATH\Database\MySQLi\Connection.php on line 332.
 1 SYSTEMPATH\Database\BaseConnection.php(729): CodeIgniter\Database\MySQLi\Connection->execute('CALL sp_add_step(\'FFFFFFFF\')')
 2 SYSTEMPATH\Database\BaseConnection.php(646): CodeIgniter\Database\BaseConnection->simpleQuery('CALL sp_add_step(\'FFFFFFFF\')')
 3 APPPATH\Controllers\Api\Steps.php(53): CodeIgniter\Database\BaseConnection->query('CALL sp_add_step(?)', [...])
 4 SYSTEMPATH\CodeIgniter.php(933): App\Controllers\Api\Steps->create()
 5 SYSTEMPATH\CodeIgniter.php(507): CodeIgniter\CodeIgniter->runController(Object(App\Controllers\Api\Steps))
 6 SYSTEMPATH\CodeIgniter.php(354): CodeIgniter\CodeIgniter->handleRequest(null, Object(Config\Cache), false)
 7 SYSTEMPATH\Boot.php(363): CodeIgniter\CodeIgniter->run()
 8 SYSTEMPATH\Boot.php(68): CodeIgniter\Boot::runCodeIgniter(Object(CodeIgniter\CodeIgniter))
 9 FCPATH\index.php(59): CodeIgniter\Boot::bootWeb(Object(Config\Paths))
CRITICAL - 2025-11-10 20:04:09 --> [Caused by] mysqli_sql_exception: Cannot add or update a child row: a foreign key constraint fails (`tusbinright2`.`bintypeprepsteps`, CONSTRAINT `fk_prep_bin` FOREIGN KEY (`binTypeID`) REFERENCES `bintype` (`binTypeID`) ON DELETE CASCADE ON UPDATE CASCADE)
in SYSTEMPATH\Database\MySQLi\Connection.php on line 327.
 1 SYSTEMPATH\Database\MySQLi\Connection.php(327): mysqli->query('CALL sp_add_step(\'FFFFFFFF\')', 0)
 2 SYSTEMPATH\Database\BaseConnection.php(729): CodeIgniter\Database\MySQLi\Connection->execute('CALL sp_add_step(\'FFFFFFFF\')')
 3 SYSTEMPATH\Database\BaseConnection.php(646): CodeIgniter\Database\BaseConnection->simpleQuery('CALL sp_add_step(\'FFFFFFFF\')')
 4 APPPATH\Controllers\Api\Steps.php(53): CodeIgniter\Database\BaseConnection->query('CALL sp_add_step(?)', [...])
 5 SYSTEMPATH\CodeIgniter.php(933): App\Controllers\Api\Steps->create()
 6 SYSTEMPATH\CodeIgniter.php(507): CodeIgniter\CodeIgniter->runController(Object(App\Controllers\Api\Steps))
 7 SYSTEMPATH\CodeIgniter.php(354): CodeIgniter\CodeIgniter->handleRequest(null, Object(Config\Cache), false)
 8 SYSTEMPATH\Boot.php(363): CodeIgniter\CodeIgniter->run()
 9 SYSTEMPATH\Boot.php(68): CodeIgniter\Boot::runCodeIgniter(Object(CodeIgniter\CodeIgniter))
10 FCPATH\index.php(59): CodeIgniter\Boot::bootWeb(Object(Config\Paths))
ERROR - 2025-11-10 20:23:21 --> mysqli_sql_exception: Cannot add or update a child row: a foreign key constraint fails (`tusbinright2`.`bintypeprepsteps`, CONSTRAINT `fk_prep_bin` FOREIGN KEY (`binTypeID`) REFERENCES `bintype` (`binTypeID`) ON DELETE CASCADE ON UPDATE CASCADE) in C:\xampp\htdocs\TUSBinGroup2\BinBackendG2\system\Database\MySQLi\Connection.php:327
Stack trace:
#0 C:\xampp\htdocs\TUSBinGroup2\BinBackendG2\system\Database\MySQLi\Connection.php(327): mysqli->query('CALL sp_add_ste...', 0)
#1 C:\xampp\htdocs\TUSBinGroup2\BinBackendG2\system\Database\BaseConnection.php(729): CodeIgniter\Database\MySQLi\Connection->execute('CALL sp_add_ste...')
#2 C:\xampp\htdocs\TUSBinGroup2\BinBackendG2\system\Database\BaseConnection.php(646): CodeIgniter\Database\BaseConnection->simpleQuery('CALL sp_add_ste...')
#3 C:\xampp\htdocs\TUSBinGroup2\BinBackendG2\app\Controllers\Api\Steps.php(53): CodeIgniter\Database\BaseConnection->query('CALL sp_add_ste...', Array)
#4 C:\xampp\htdocs\TUSBinGroup2\BinBackendG2\system\CodeIgniter.php(933): App\Controllers\Api\Steps->create()
#5 C:\xampp\htdocs\TUSBinGroup2\BinBackendG2\system\CodeIgniter.php(507): CodeIgniter\CodeIgniter->runController(Object(App\Controllers\Api\Steps))
#6 C:\xampp\htdocs\TUSBinGroup2\BinBackendG2\system\CodeIgniter.php(354): CodeIgniter\CodeIgniter->handleRequest(NULL, Object(Config\Cache), false)
#7 C:\xampp\htdocs\TUSBinGroup2\BinBackendG2\system\Boot.php(363): CodeIgniter\CodeIgniter->run()
#8 C:\xampp\htdocs\TUSBinGroup2\BinBackendG2\system\Boot.php(68): CodeIgniter\Boot::runCodeIgniter(Object(CodeIgniter\CodeIgniter))
#9 C:\xampp\htdocs\TUSBinGroup2\BinBackendG2\public\index.php(59): CodeIgniter\Boot::bootWeb(Object(Config\Paths))
#10 {main}
CRITICAL - 2025-11-10 20:23:21 --> CodeIgniter\Database\Exceptions\DatabaseException: Cannot add or update a child row: a foreign key constraint fails (`tusbinright2`.`bintypeprepsteps`, CONSTRAINT `fk_prep_bin` FOREIGN KEY (`binTypeID`) REFERENCES `bintype` (`binTypeID`) ON DELETE CASCADE ON UPDATE CASCADE)
[Method: POST, Route: api/steps]
in SYSTEMPATH\Database\BaseConnection.php on line 684.
 1 APPPATH\Controllers\Api\Steps.php(53): CodeIgniter\Database\BaseConnection->query('CALL sp_add_step(?)', [...])
 2 SYSTEMPATH\CodeIgniter.php(933): App\Controllers\Api\Steps->create()
 3 SYSTEMPATH\CodeIgniter.php(507): CodeIgniter\CodeIgniter->runController(Object(App\Controllers\Api\Steps))
 4 SYSTEMPATH\CodeIgniter.php(354): CodeIgniter\CodeIgniter->handleRequest(null, Object(Config\Cache), false)
 5 SYSTEMPATH\Boot.php(363): CodeIgniter\CodeIgniter->run()
 6 SYSTEMPATH\Boot.php(68): CodeIgniter\Boot::runCodeIgniter(Object(CodeIgniter\CodeIgniter))
 7 FCPATH\index.php(59): CodeIgniter\Boot::bootWeb(Object(Config\Paths))
CRITICAL - 2025-11-10 20:23:21 --> [Caused by] CodeIgniter\Database\Exceptions\DatabaseException: Cannot add or update a child row: a foreign key constraint fails (`tusbinright2`.`bintypeprepsteps`, CONSTRAINT `fk_prep_bin` FOREIGN KEY (`binTypeID`) REFERENCES `bintype` (`binTypeID`) ON DELETE CASCADE ON UPDATE CASCADE)
in SYSTEMPATH\Database\MySQLi\Connection.php on line 332.
 1 SYSTEMPATH\Database\BaseConnection.php(729): CodeIgniter\Database\MySQLi\Connection->execute('CALL sp_add_step(\'FFFFFFFF\')')
 2 SYSTEMPATH\Database\BaseConnection.php(646): CodeIgniter\Database\BaseConnection->simpleQuery('CALL sp_add_step(\'FFFFFFFF\')')
 3 APPPATH\Controllers\Api\Steps.php(53): CodeIgniter\Database\BaseConnection->query('CALL sp_add_step(?)', [...])
 4 SYSTEMPATH\CodeIgniter.php(933): App\Controllers\Api\Steps->create()
 5 SYSTEMPATH\CodeIgniter.php(507): CodeIgniter\CodeIgniter->runController(Object(App\Controllers\Api\Steps))
 6 SYSTEMPATH\CodeIgniter.php(354): CodeIgniter\CodeIgniter->handleRequest(null, Object(Config\Cache), false)
 7 SYSTEMPATH\Boot.php(363): CodeIgniter\CodeIgniter->run()
 8 SYSTEMPATH\Boot.php(68): CodeIgniter\Boot::runCodeIgniter(Object(CodeIgniter\CodeIgniter))
 9 FCPATH\index.php(59): CodeIgniter\Boot::bootWeb(Object(Config\Paths))
CRITICAL - 2025-11-10 20:23:21 --> [Caused by] mysqli_sql_exception: Cannot add or update a child row: a foreign key constraint fails (`tusbinright2`.`bintypeprepsteps`, CONSTRAINT `fk_prep_bin` FOREIGN KEY (`binTypeID`) REFERENCES `bintype` (`binTypeID`) ON DELETE CASCADE ON UPDATE CASCADE)
in SYSTEMPATH\Database\MySQLi\Connection.php on line 327.
 1 SYSTEMPATH\Database\MySQLi\Connection.php(327): mysqli->query('CALL sp_add_step(\'FFFFFFFF\')', 0)
 2 SYSTEMPATH\Database\BaseConnection.php(729): CodeIgniter\Database\MySQLi\Connection->execute('CALL sp_add_step(\'FFFFFFFF\')')
 3 SYSTEMPATH\Database\BaseConnection.php(646): CodeIgniter\Database\BaseConnection->simpleQuery('CALL sp_add_step(\'FFFFFFFF\')')
 4 APPPATH\Controllers\Api\Steps.php(53): CodeIgniter\Database\BaseConnection->query('CALL sp_add_step(?)', [...])
 5 SYSTEMPATH\CodeIgniter.php(933): App\Controllers\Api\Steps->create()
 6 SYSTEMPATH\CodeIgniter.php(507): CodeIgniter\CodeIgniter->runController(Object(App\Controllers\Api\Steps))
 7 SYSTEMPATH\CodeIgniter.php(354): CodeIgniter\CodeIgniter->handleRequest(null, Object(Config\Cache), false)
 8 SYSTEMPATH\Boot.php(363): CodeIgniter\CodeIgniter->run()
 9 SYSTEMPATH\Boot.php(68): CodeIgniter\Boot::runCodeIgniter(Object(CodeIgniter\CodeIgniter))
10 FCPATH\index.php(59): CodeIgniter\Boot::bootWeb(Object(Config\Paths))
ERROR - 2025-11-10 20:25:31 --> mysqli_sql_exception: PROCEDURE tusbinright2.adm_Read_bins does not exist in C:\xampp\htdocs\TUSBinGroup2\BinBackendG2\system\Database\MySQLi\Connection.php:327
Stack trace:
#0 C:\xampp\htdocs\TUSBinGroup2\BinBackendG2\system\Database\MySQLi\Connection.php(327): mysqli->query('CALL adm_Read_b...', 0)
#1 C:\xampp\htdocs\TUSBinGroup2\BinBackendG2\system\Database\BaseConnection.php(729): CodeIgniter\Database\MySQLi\Connection->execute('CALL adm_Read_b...')
#2 C:\xampp\htdocs\TUSBinGroup2\BinBackendG2\system\Database\BaseConnection.php(646): CodeIgniter\Database\BaseConnection->simpleQuery('CALL adm_Read_b...')
#3 C:\xampp\htdocs\TUSBinGroup2\BinBackendG2\app\Controllers\Api\Bins.php(13): CodeIgniter\Database\BaseConnection->query('CALL adm_Read_b...')
#4 C:\xampp\htdocs\TUSBinGroup2\BinBackendG2\system\CodeIgniter.php(933): App\Controllers\Api\Bins->index()
#5 C:\xampp\htdocs\TUSBinGroup2\BinBackendG2\system\CodeIgniter.php(507): CodeIgniter\CodeIgniter->runController(Object(App\Controllers\Api\Bins))
#6 C:\xampp\htdocs\TUSBinGroup2\BinBackendG2\system\CodeIgniter.php(354): CodeIgniter\CodeIgniter->handleRequest(NULL, Object(Config\Cache), false)
#7 C:\xampp\htdocs\TUSBinGroup2\BinBackendG2\system\Boot.php(363): CodeIgniter\CodeIgniter->run()
#8 C:\xampp\htdocs\TUSBinGroup2\BinBackendG2\system\Boot.php(68): CodeIgniter\Boot::runCodeIgniter(Object(CodeIgniter\CodeIgniter))
#9 C:\xampp\htdocs\TUSBinGroup2\BinBackendG2\public\index.php(59): CodeIgniter\Boot::bootWeb(Object(Config\Paths))
#10 {main}
CRITICAL - 2025-11-10 20:25:31 --> CodeIgniter\Database\Exceptions\DatabaseException: PROCEDURE tusbinright2.adm_Read_bins does not exist
[Method: GET, Route: api/bins]
in SYSTEMPATH\Database\BaseConnection.php on line 684.
 1 APPPATH\Controllers\Api\Bins.php(13): CodeIgniter\Database\BaseConnection->query('CALL adm_Read_bins()')
 2 SYSTEMPATH\CodeIgniter.php(933): App\Controllers\Api\Bins->index()
 3 SYSTEMPATH\CodeIgniter.php(507): CodeIgniter\CodeIgniter->runController(Object(App\Controllers\Api\Bins))
 4 SYSTEMPATH\CodeIgniter.php(354): CodeIgniter\CodeIgniter->handleRequest(null, Object(Config\Cache), false)
 5 SYSTEMPATH\Boot.php(363): CodeIgniter\CodeIgniter->run()
 6 SYSTEMPATH\Boot.php(68): CodeIgniter\Boot::runCodeIgniter(Object(CodeIgniter\CodeIgniter))
 7 FCPATH\index.php(59): CodeIgniter\Boot::bootWeb(Object(Config\Paths))
CRITICAL - 2025-11-10 20:25:31 --> [Caused by] CodeIgniter\Database\Exceptions\DatabaseException: PROCEDURE tusbinright2.adm_Read_bins does not exist
in SYSTEMPATH\Database\MySQLi\Connection.php on line 332.
 1 SYSTEMPATH\Database\BaseConnection.php(729): CodeIgniter\Database\MySQLi\Connection->execute('CALL adm_Read_bins()')
 2 SYSTEMPATH\Database\BaseConnection.php(646): CodeIgniter\Database\BaseConnection->simpleQuery('CALL adm_Read_bins()')
 3 APPPATH\Controllers\Api\Bins.php(13): CodeIgniter\Database\BaseConnection->query('CALL adm_Read_bins()')
 4 SYSTEMPATH\CodeIgniter.php(933): App\Controllers\Api\Bins->index()
 5 SYSTEMPATH\CodeIgniter.php(507): CodeIgniter\CodeIgniter->runController(Object(App\Controllers\Api\Bins))
 6 SYSTEMPATH\CodeIgniter.php(354): CodeIgniter\CodeIgniter->handleRequest(null, Object(Config\Cache), false)
 7 SYSTEMPATH\Boot.php(363): CodeIgniter\CodeIgniter->run()
 8 SYSTEMPATH\Boot.php(68): CodeIgniter\Boot::runCodeIgniter(Object(CodeIgniter\CodeIgniter))
 9 FCPATH\index.php(59): CodeIgniter\Boot::bootWeb(Object(Config\Paths))
CRITICAL - 2025-11-10 20:25:31 --> [Caused by] mysqli_sql_exception: PROCEDURE tusbinright2.adm_Read_bins does not exist
in SYSTEMPATH\Database\MySQLi\Connection.php on line 327.
 1 SYSTEMPATH\Database\MySQLi\Connection.php(327): mysqli->query('CALL adm_Read_bins()', 0)
 2 SYSTEMPATH\Database\BaseConnection.php(729): CodeIgniter\Database\MySQLi\Connection->execute('CALL adm_Read_bins()')
 3 SYSTEMPATH\Database\BaseConnection.php(646): CodeIgniter\Database\BaseConnection->simpleQuery('CALL adm_Read_bins()')
 4 APPPATH\Controllers\Api\Bins.php(13): CodeIgniter\Database\BaseConnection->query('CALL adm_Read_bins()')
 5 SYSTEMPATH\CodeIgniter.php(933): App\Controllers\Api\Bins->index()
 6 SYSTEMPATH\CodeIgniter.php(507): CodeIgniter\CodeIgniter->runController(Object(App\Controllers\Api\Bins))
 7 SYSTEMPATH\CodeIgniter.php(354): CodeIgniter\CodeIgniter->handleRequest(null, Object(Config\Cache), false)
 8 SYSTEMPATH\Boot.php(363): CodeIgniter\CodeIgniter->run()
 9 SYSTEMPATH\Boot.php(68): CodeIgniter\Boot::runCodeIgniter(Object(CodeIgniter\CodeIgniter))
10 FCPATH\index.php(59): CodeIgniter\Boot::bootWeb(Object(Config\Paths))
