ERROR - 2025-10-31 16:38:39 --> mysqli_sql_exception: PROCEDURE tusbinright2.adm_Read_bins does not exist in C:\xampp\htdocs\TUSBinGroup2\BinBackendG2\system\Database\MySQLi\Connection.php:327
Stack trace:
#0 C:\xampp\htdocs\TUSBinGroup2\BinBackendG2\system\Database\MySQLi\Connection.php(327): mysqli->query('CALL adm_Read_b...', 0)
#1 C:\xampp\htdocs\TUSBinGroup2\BinBackendG2\system\Database\BaseConnection.php(729): CodeIgniter\Database\MySQLi\Connection->execute('CALL adm_Read_b...')
#2 C:\xampp\htdocs\TUSBinGroup2\BinBackendG2\system\Database\BaseConnection.php(646): CodeIgniter\Database\BaseConnection->simpleQuery('CALL adm_Read_b...')
#3 C:\xampp\htdocs\TUSBinGroup2\BinBackendG2\app\Controllers\Api\Bins.php(13): CodeIgniter\Database\BaseConnection->query('CALL adm_Read_b...')
#4 C:\xampp\htdocs\TUSBinGroup2\BinBackendG2\system\CodeIgniter.php(933): App\Controllers\Api\Bins->index()
#5 C:\xampp\htdocs\TUSBinGroup2\BinBackendG2\system\CodeIgniter.php(507): CodeIgniter\CodeIgniter->runController(Object(App\Controllers\Api\Bins))
#6 C:\xampp\htdocs\TUSBinGroup2\BinBackendG2\system\CodeIgniter.php(354): CodeIgniter\CodeIgniter->handleRequest(NULL, Object(Config\Cache), false)
#7 C:\xampp\htdocs\TUSBinGroup2\BinBackendG2\system\Boot.php(363): CodeIgniter\CodeIgniter->run()
#8 C:\xampp\htdocs\TUSBinGroup2\BinBackendG2\system\Boot.php(68): CodeIgniter\Boot::runCodeIgniter(Object(CodeIgniter\CodeIgniter))
#9 C:\xampp\htdocs\TUSBinGroup2\BinBackendG2\public\index.php(59): CodeIgniter\Boot::bootWeb(Object(Config\Paths))
#10 {main}
CRITICAL - 2025-10-31 16:38:39 --> CodeIgniter\Database\Exceptions\DatabaseException: PROCEDURE tusbinright2.adm_Read_bins does not exist
[Method: GET, Route: api/bins]
in SYSTEMPATH\Database\BaseConnection.php on line 684.
 1 APPPATH\Controllers\Api\Bins.php(13): CodeIgniter\Database\BaseConnection->query('CALL adm_Read_bins()')
 2 SYSTEMPATH\CodeIgniter.php(933): App\Controllers\Api\Bins->index()
 3 SYSTEMPATH\CodeIgniter.php(507): CodeIgniter\CodeIgniter->runController(Object(App\Controllers\Api\Bins))
 4 SYSTEMPATH\CodeIgniter.php(354): CodeIgniter\CodeIgniter->handleRequest(null, Object(Config\Cache), false)
 5 SYSTEMPATH\Boot.php(363): CodeIgniter\CodeIgniter->run()
 6 SYSTEMPATH\Boot.php(68): CodeIgniter\Boot::runCodeIgniter(Object(CodeIgniter\CodeIgniter))
 7 FCPATH\index.php(59): CodeIgniter\Boot::bootWeb(Object(Config\Paths))
CRITICAL - 2025-10-31 16:38:39 --> [Caused by] CodeIgniter\Database\Exceptions\DatabaseException: PROCEDURE tusbinright2.adm_Read_bins does not exist
in SYSTEMPATH\Database\MySQLi\Connection.php on line 332.
 1 SYSTEMPATH\Database\BaseConnection.php(729): CodeIgniter\Database\MySQLi\Connection->execute('CALL adm_Read_bins()')
 2 SYSTEMPATH\Database\BaseConnection.php(646): CodeIgniter\Database\BaseConnection->simpleQuery('CALL adm_Read_bins()')
 3 APPPATH\Controllers\Api\Bins.php(13): CodeIgniter\Database\BaseConnection->query('CALL adm_Read_bins()')
 4 SYSTEMPATH\CodeIgniter.php(933): App\Controllers\Api\Bins->index()
 5 SYSTEMPATH\CodeIgniter.php(507): CodeIgniter\CodeIgniter->runController(Object(App\Controllers\Api\Bins))
 6 SYSTEMPATH\CodeIgniter.php(354): CodeIgniter\CodeIgniter->handleRequest(null, Object(Config\Cache), false)
 7 SYSTEMPATH\Boot.php(363): CodeIgniter\CodeIgniter->run()
 8 SYSTEMPATH\Boot.php(68): CodeIgniter\Boot::runCodeIgniter(Object(CodeIgniter\CodeIgniter))
 9 FCPATH\index.php(59): CodeIgniter\Boot::bootWeb(Object(Config\Paths))
CRITICAL - 2025-10-31 16:38:39 --> [Caused by] mysqli_sql_exception: PROCEDURE tusbinright2.adm_Read_bins does not exist
in SYSTEMPATH\Database\MySQLi\Connection.php on line 327.
 1 SYSTEMPATH\Database\MySQLi\Connection.php(327): mysqli->query('CALL adm_Read_bins()', 0)
 2 SYSTEMPATH\Database\BaseConnection.php(729): CodeIgniter\Database\MySQLi\Connection->execute('CALL adm_Read_bins()')
 3 SYSTEMPATH\Database\BaseConnection.php(646): CodeIgniter\Database\BaseConnection->simpleQuery('CALL adm_Read_bins()')
 4 APPPATH\Controllers\Api\Bins.php(13): CodeIgniter\Database\BaseConnection->query('CALL adm_Read_bins()')
 5 SYSTEMPATH\CodeIgniter.php(933): App\Controllers\Api\Bins->index()
 6 SYSTEMPATH\CodeIgniter.php(507): CodeIgniter\CodeIgniter->runController(Object(App\Controllers\Api\Bins))
 7 SYSTEMPATH\CodeIgniter.php(354): CodeIgniter\CodeIgniter->handleRequest(null, Object(Config\Cache), false)
 8 SYSTEMPATH\Boot.php(363): CodeIgniter\CodeIgniter->run()
 9 SYSTEMPATH\Boot.php(68): CodeIgniter\Boot::runCodeIgniter(Object(CodeIgniter\CodeIgniter))
10 FCPATH\index.php(59): CodeIgniter\Boot::bootWeb(Object(Config\Paths))
ERROR - 2025-10-31 16:38:48 --> mysqli_sql_exception: PROCEDURE tusbinright2.adm_Read_bins does not exist in C:\xampp\htdocs\TUSBinGroup2\BinBackendG2\system\Database\MySQLi\Connection.php:327
Stack trace:
#0 C:\xampp\htdocs\TUSBinGroup2\BinBackendG2\system\Database\MySQLi\Connection.php(327): mysqli->query('CALL adm_Read_b...', 0)
#1 C:\xampp\htdocs\TUSBinGroup2\BinBackendG2\system\Database\BaseConnection.php(729): CodeIgniter\Database\MySQLi\Connection->execute('CALL adm_Read_b...')
#2 C:\xampp\htdocs\TUSBinGroup2\BinBackendG2\system\Database\BaseConnection.php(646): CodeIgniter\Database\BaseConnection->simpleQuery('CALL adm_Read_b...')
#3 C:\xampp\htdocs\TUSBinGroup2\BinBackendG2\app\Controllers\Api\Bins.php(13): CodeIgniter\Database\BaseConnection->query('CALL adm_Read_b...')
#4 C:\xampp\htdocs\TUSBinGroup2\BinBackendG2\system\CodeIgniter.php(933): App\Controllers\Api\Bins->index()
#5 C:\xampp\htdocs\TUSBinGroup2\BinBackendG2\system\CodeIgniter.php(507): CodeIgniter\CodeIgniter->runController(Object(App\Controllers\Api\Bins))
#6 C:\xampp\htdocs\TUSBinGroup2\BinBackendG2\system\CodeIgniter.php(354): CodeIgniter\CodeIgniter->handleRequest(NULL, Object(Config\Cache), false)
#7 C:\xampp\htdocs\TUSBinGroup2\BinBackendG2\system\Boot.php(363): CodeIgniter\CodeIgniter->run()
#8 C:\xampp\htdocs\TUSBinGroup2\BinBackendG2\system\Boot.php(68): CodeIgniter\Boot::runCodeIgniter(Object(CodeIgniter\CodeIgniter))
#9 C:\xampp\htdocs\TUSBinGroup2\BinBackendG2\public\index.php(59): CodeIgniter\Boot::bootWeb(Object(Config\Paths))
#10 {main}
CRITICAL - 2025-10-31 16:38:48 --> CodeIgniter\Database\Exceptions\DatabaseException: PROCEDURE tusbinright2.adm_Read_bins does not exist
[Method: GET, Route: api/bins]
in SYSTEMPATH\Database\BaseConnection.php on line 684.
 1 APPPATH\Controllers\Api\Bins.php(13): CodeIgniter\Database\BaseConnection->query('CALL adm_Read_bins()')
 2 SYSTEMPATH\CodeIgniter.php(933): App\Controllers\Api\Bins->index()
 3 SYSTEMPATH\CodeIgniter.php(507): CodeIgniter\CodeIgniter->runController(Object(App\Controllers\Api\Bins))
 4 SYSTEMPATH\CodeIgniter.php(354): CodeIgniter\CodeIgniter->handleRequest(null, Object(Config\Cache), false)
 5 SYSTEMPATH\Boot.php(363): CodeIgniter\CodeIgniter->run()
 6 SYSTEMPATH\Boot.php(68): CodeIgniter\Boot::runCodeIgniter(Object(CodeIgniter\CodeIgniter))
 7 FCPATH\index.php(59): CodeIgniter\Boot::bootWeb(Object(Config\Paths))
CRITICAL - 2025-10-31 16:38:48 --> [Caused by] CodeIgniter\Database\Exceptions\DatabaseException: PROCEDURE tusbinright2.adm_Read_bins does not exist
in SYSTEMPATH\Database\MySQLi\Connection.php on line 332.
 1 SYSTEMPATH\Database\BaseConnection.php(729): CodeIgniter\Database\MySQLi\Connection->execute('CALL adm_Read_bins()')
 2 SYSTEMPATH\Database\BaseConnection.php(646): CodeIgniter\Database\BaseConnection->simpleQuery('CALL adm_Read_bins()')
 3 APPPATH\Controllers\Api\Bins.php(13): CodeIgniter\Database\BaseConnection->query('CALL adm_Read_bins()')
 4 SYSTEMPATH\CodeIgniter.php(933): App\Controllers\Api\Bins->index()
 5 SYSTEMPATH\CodeIgniter.php(507): CodeIgniter\CodeIgniter->runController(Object(App\Controllers\Api\Bins))
 6 SYSTEMPATH\CodeIgniter.php(354): CodeIgniter\CodeIgniter->handleRequest(null, Object(Config\Cache), false)
 7 SYSTEMPATH\Boot.php(363): CodeIgniter\CodeIgniter->run()
 8 SYSTEMPATH\Boot.php(68): CodeIgniter\Boot::runCodeIgniter(Object(CodeIgniter\CodeIgniter))
 9 FCPATH\index.php(59): CodeIgniter\Boot::bootWeb(Object(Config\Paths))
CRITICAL - 2025-10-31 16:38:48 --> [Caused by] mysqli_sql_exception: PROCEDURE tusbinright2.adm_Read_bins does not exist
in SYSTEMPATH\Database\MySQLi\Connection.php on line 327.
 1 SYSTEMPATH\Database\MySQLi\Connection.php(327): mysqli->query('CALL adm_Read_bins()', 0)
 2 SYSTEMPATH\Database\BaseConnection.php(729): CodeIgniter\Database\MySQLi\Connection->execute('CALL adm_Read_bins()')
 3 SYSTEMPATH\Database\BaseConnection.php(646): CodeIgniter\Database\BaseConnection->simpleQuery('CALL adm_Read_bins()')
 4 APPPATH\Controllers\Api\Bins.php(13): CodeIgniter\Database\BaseConnection->query('CALL adm_Read_bins()')
 5 SYSTEMPATH\CodeIgniter.php(933): App\Controllers\Api\Bins->index()
 6 SYSTEMPATH\CodeIgniter.php(507): CodeIgniter\CodeIgniter->runController(Object(App\Controllers\Api\Bins))
 7 SYSTEMPATH\CodeIgniter.php(354): CodeIgniter\CodeIgniter->handleRequest(null, Object(Config\Cache), false)
 8 SYSTEMPATH\Boot.php(363): CodeIgniter\CodeIgniter->run()
 9 SYSTEMPATH\Boot.php(68): CodeIgniter\Boot::runCodeIgniter(Object(CodeIgniter\CodeIgniter))
10 FCPATH\index.php(59): CodeIgniter\Boot::bootWeb(Object(Config\Paths))
ERROR - 2025-10-31 16:38:49 --> mysqli_sql_exception: PROCEDURE tusbinright2.adm_Read_bins does not exist in C:\xampp\htdocs\TUSBinGroup2\BinBackendG2\system\Database\MySQLi\Connection.php:327
Stack trace:
#0 C:\xampp\htdocs\TUSBinGroup2\BinBackendG2\system\Database\MySQLi\Connection.php(327): mysqli->query('CALL adm_Read_b...', 0)
#1 C:\xampp\htdocs\TUSBinGroup2\BinBackendG2\system\Database\BaseConnection.php(729): CodeIgniter\Database\MySQLi\Connection->execute('CALL adm_Read_b...')
#2 C:\xampp\htdocs\TUSBinGroup2\BinBackendG2\system\Database\BaseConnection.php(646): CodeIgniter\Database\BaseConnection->simpleQuery('CALL adm_Read_b...')
#3 C:\xampp\htdocs\TUSBinGroup2\BinBackendG2\app\Controllers\Api\Bins.php(13): CodeIgniter\Database\BaseConnection->query('CALL adm_Read_b...')
#4 C:\xampp\htdocs\TUSBinGroup2\BinBackendG2\system\CodeIgniter.php(933): App\Controllers\Api\Bins->index()
#5 C:\xampp\htdocs\TUSBinGroup2\BinBackendG2\system\CodeIgniter.php(507): CodeIgniter\CodeIgniter->runController(Object(App\Controllers\Api\Bins))
#6 C:\xampp\htdocs\TUSBinGroup2\BinBackendG2\system\CodeIgniter.php(354): CodeIgniter\CodeIgniter->handleRequest(NULL, Object(Config\Cache), false)
#7 C:\xampp\htdocs\TUSBinGroup2\BinBackendG2\system\Boot.php(363): CodeIgniter\CodeIgniter->run()
#8 C:\xampp\htdocs\TUSBinGroup2\BinBackendG2\system\Boot.php(68): CodeIgniter\Boot::runCodeIgniter(Object(CodeIgniter\CodeIgniter))
#9 C:\xampp\htdocs\TUSBinGroup2\BinBackendG2\public\index.php(59): CodeIgniter\Boot::bootWeb(Object(Config\Paths))
#10 {main}
CRITICAL - 2025-10-31 16:38:49 --> CodeIgniter\Database\Exceptions\DatabaseException: PROCEDURE tusbinright2.adm_Read_bins does not exist
[Method: GET, Route: api/bins]
in SYSTEMPATH\Database\BaseConnection.php on line 684.
 1 APPPATH\Controllers\Api\Bins.php(13): CodeIgniter\Database\BaseConnection->query('CALL adm_Read_bins()')
 2 SYSTEMPATH\CodeIgniter.php(933): App\Controllers\Api\Bins->index()
 3 SYSTEMPATH\CodeIgniter.php(507): CodeIgniter\CodeIgniter->runController(Object(App\Controllers\Api\Bins))
 4 SYSTEMPATH\CodeIgniter.php(354): CodeIgniter\CodeIgniter->handleRequest(null, Object(Config\Cache), false)
 5 SYSTEMPATH\Boot.php(363): CodeIgniter\CodeIgniter->run()
 6 SYSTEMPATH\Boot.php(68): CodeIgniter\Boot::runCodeIgniter(Object(CodeIgniter\CodeIgniter))
 7 FCPATH\index.php(59): CodeIgniter\Boot::bootWeb(Object(Config\Paths))
CRITICAL - 2025-10-31 16:38:49 --> [Caused by] CodeIgniter\Database\Exceptions\DatabaseException: PROCEDURE tusbinright2.adm_Read_bins does not exist
in SYSTEMPATH\Database\MySQLi\Connection.php on line 332.
 1 SYSTEMPATH\Database\BaseConnection.php(729): CodeIgniter\Database\MySQLi\Connection->execute('CALL adm_Read_bins()')
 2 SYSTEMPATH\Database\BaseConnection.php(646): CodeIgniter\Database\BaseConnection->simpleQuery('CALL adm_Read_bins()')
 3 APPPATH\Controllers\Api\Bins.php(13): CodeIgniter\Database\BaseConnection->query('CALL adm_Read_bins()')
 4 SYSTEMPATH\CodeIgniter.php(933): App\Controllers\Api\Bins->index()
 5 SYSTEMPATH\CodeIgniter.php(507): CodeIgniter\CodeIgniter->runController(Object(App\Controllers\Api\Bins))
 6 SYSTEMPATH\CodeIgniter.php(354): CodeIgniter\CodeIgniter->handleRequest(null, Object(Config\Cache), false)
 7 SYSTEMPATH\Boot.php(363): CodeIgniter\CodeIgniter->run()
 8 SYSTEMPATH\Boot.php(68): CodeIgniter\Boot::runCodeIgniter(Object(CodeIgniter\CodeIgniter))
 9 FCPATH\index.php(59): CodeIgniter\Boot::bootWeb(Object(Config\Paths))
CRITICAL - 2025-10-31 16:38:49 --> [Caused by] mysqli_sql_exception: PROCEDURE tusbinright2.adm_Read_bins does not exist
in SYSTEMPATH\Database\MySQLi\Connection.php on line 327.
 1 SYSTEMPATH\Database\MySQLi\Connection.php(327): mysqli->query('CALL adm_Read_bins()', 0)
 2 SYSTEMPATH\Database\BaseConnection.php(729): CodeIgniter\Database\MySQLi\Connection->execute('CALL adm_Read_bins()')
 3 SYSTEMPATH\Database\BaseConnection.php(646): CodeIgniter\Database\BaseConnection->simpleQuery('CALL adm_Read_bins()')
 4 APPPATH\Controllers\Api\Bins.php(13): CodeIgniter\Database\BaseConnection->query('CALL adm_Read_bins()')
 5 SYSTEMPATH\CodeIgniter.php(933): App\Controllers\Api\Bins->index()
 6 SYSTEMPATH\CodeIgniter.php(507): CodeIgniter\CodeIgniter->runController(Object(App\Controllers\Api\Bins))
 7 SYSTEMPATH\CodeIgniter.php(354): CodeIgniter\CodeIgniter->handleRequest(null, Object(Config\Cache), false)
 8 SYSTEMPATH\Boot.php(363): CodeIgniter\CodeIgniter->run()
 9 SYSTEMPATH\Boot.php(68): CodeIgniter\Boot::runCodeIgniter(Object(CodeIgniter\CodeIgniter))
10 FCPATH\index.php(59): CodeIgniter\Boot::bootWeb(Object(Config\Paths))
ERROR - 2025-10-31 16:38:51 --> mysqli_sql_exception: PROCEDURE tusbinright2.adm_Read_bins does not exist in C:\xampp\htdocs\TUSBinGroup2\BinBackendG2\system\Database\MySQLi\Connection.php:327
Stack trace:
#0 C:\xampp\htdocs\TUSBinGroup2\BinBackendG2\system\Database\MySQLi\Connection.php(327): mysqli->query('CALL adm_Read_b...', 0)
#1 C:\xampp\htdocs\TUSBinGroup2\BinBackendG2\system\Database\BaseConnection.php(729): CodeIgniter\Database\MySQLi\Connection->execute('CALL adm_Read_b...')
#2 C:\xampp\htdocs\TUSBinGroup2\BinBackendG2\system\Database\BaseConnection.php(646): CodeIgniter\Database\BaseConnection->simpleQuery('CALL adm_Read_b...')
#3 C:\xampp\htdocs\TUSBinGroup2\BinBackendG2\app\Controllers\Api\Bins.php(13): CodeIgniter\Database\BaseConnection->query('CALL adm_Read_b...')
#4 C:\xampp\htdocs\TUSBinGroup2\BinBackendG2\system\CodeIgniter.php(933): App\Controllers\Api\Bins->index()
#5 C:\xampp\htdocs\TUSBinGroup2\BinBackendG2\system\CodeIgniter.php(507): CodeIgniter\CodeIgniter->runController(Object(App\Controllers\Api\Bins))
#6 C:\xampp\htdocs\TUSBinGroup2\BinBackendG2\system\CodeIgniter.php(354): CodeIgniter\CodeIgniter->handleRequest(NULL, Object(Config\Cache), false)
#7 C:\xampp\htdocs\TUSBinGroup2\BinBackendG2\system\Boot.php(363): CodeIgniter\CodeIgniter->run()
#8 C:\xampp\htdocs\TUSBinGroup2\BinBackendG2\system\Boot.php(68): CodeIgniter\Boot::runCodeIgniter(Object(CodeIgniter\CodeIgniter))
#9 C:\xampp\htdocs\TUSBinGroup2\BinBackendG2\public\index.php(59): CodeIgniter\Boot::bootWeb(Object(Config\Paths))
#10 {main}
CRITICAL - 2025-10-31 16:38:51 --> CodeIgniter\Database\Exceptions\DatabaseException: PROCEDURE tusbinright2.adm_Read_bins does not exist
[Method: GET, Route: api/bins]
in SYSTEMPATH\Database\BaseConnection.php on line 684.
 1 APPPATH\Controllers\Api\Bins.php(13): CodeIgniter\Database\BaseConnection->query('CALL adm_Read_bins()')
 2 SYSTEMPATH\CodeIgniter.php(933): App\Controllers\Api\Bins->index()
 3 SYSTEMPATH\CodeIgniter.php(507): CodeIgniter\CodeIgniter->runController(Object(App\Controllers\Api\Bins))
 4 SYSTEMPATH\CodeIgniter.php(354): CodeIgniter\CodeIgniter->handleRequest(null, Object(Config\Cache), false)
 5 SYSTEMPATH\Boot.php(363): CodeIgniter\CodeIgniter->run()
 6 SYSTEMPATH\Boot.php(68): CodeIgniter\Boot::runCodeIgniter(Object(CodeIgniter\CodeIgniter))
 7 FCPATH\index.php(59): CodeIgniter\Boot::bootWeb(Object(Config\Paths))
CRITICAL - 2025-10-31 16:38:51 --> [Caused by] CodeIgniter\Database\Exceptions\DatabaseException: PROCEDURE tusbinright2.adm_Read_bins does not exist
in SYSTEMPATH\Database\MySQLi\Connection.php on line 332.
 1 SYSTEMPATH\Database\BaseConnection.php(729): CodeIgniter\Database\MySQLi\Connection->execute('CALL adm_Read_bins()')
 2 SYSTEMPATH\Database\BaseConnection.php(646): CodeIgniter\Database\BaseConnection->simpleQuery('CALL adm_Read_bins()')
 3 APPPATH\Controllers\Api\Bins.php(13): CodeIgniter\Database\BaseConnection->query('CALL adm_Read_bins()')
 4 SYSTEMPATH\CodeIgniter.php(933): App\Controllers\Api\Bins->index()
 5 SYSTEMPATH\CodeIgniter.php(507): CodeIgniter\CodeIgniter->runController(Object(App\Controllers\Api\Bins))
 6 SYSTEMPATH\CodeIgniter.php(354): CodeIgniter\CodeIgniter->handleRequest(null, Object(Config\Cache), false)
 7 SYSTEMPATH\Boot.php(363): CodeIgniter\CodeIgniter->run()
 8 SYSTEMPATH\Boot.php(68): CodeIgniter\Boot::runCodeIgniter(Object(CodeIgniter\CodeIgniter))
 9 FCPATH\index.php(59): CodeIgniter\Boot::bootWeb(Object(Config\Paths))
CRITICAL - 2025-10-31 16:38:51 --> [Caused by] mysqli_sql_exception: PROCEDURE tusbinright2.adm_Read_bins does not exist
in SYSTEMPATH\Database\MySQLi\Connection.php on line 327.
 1 SYSTEMPATH\Database\MySQLi\Connection.php(327): mysqli->query('CALL adm_Read_bins()', 0)
 2 SYSTEMPATH\Database\BaseConnection.php(729): CodeIgniter\Database\MySQLi\Connection->execute('CALL adm_Read_bins()')
 3 SYSTEMPATH\Database\BaseConnection.php(646): CodeIgniter\Database\BaseConnection->simpleQuery('CALL adm_Read_bins()')
 4 APPPATH\Controllers\Api\Bins.php(13): CodeIgniter\Database\BaseConnection->query('CALL adm_Read_bins()')
 5 SYSTEMPATH\CodeIgniter.php(933): App\Controllers\Api\Bins->index()
 6 SYSTEMPATH\CodeIgniter.php(507): CodeIgniter\CodeIgniter->runController(Object(App\Controllers\Api\Bins))
 7 SYSTEMPATH\CodeIgniter.php(354): CodeIgniter\CodeIgniter->handleRequest(null, Object(Config\Cache), false)
 8 SYSTEMPATH\Boot.php(363): CodeIgniter\CodeIgniter->run()
 9 SYSTEMPATH\Boot.php(68): CodeIgniter\Boot::runCodeIgniter(Object(CodeIgniter\CodeIgniter))
10 FCPATH\index.php(59): CodeIgniter\Boot::bootWeb(Object(Config\Paths))
ERROR - 2025-10-31 16:42:07 --> mysqli_sql_exception: PROCEDURE tusbinright2.adm_Read_bins does not exist in C:\xampp\htdocs\TUSBinGroup2\BinBackendG2\system\Database\MySQLi\Connection.php:327
Stack trace:
#0 C:\xampp\htdocs\TUSBinGroup2\BinBackendG2\system\Database\MySQLi\Connection.php(327): mysqli->query('CALL adm_Read_b...', 0)
#1 C:\xampp\htdocs\TUSBinGroup2\BinBackendG2\system\Database\BaseConnection.php(729): CodeIgniter\Database\MySQLi\Connection->execute('CALL adm_Read_b...')
#2 C:\xampp\htdocs\TUSBinGroup2\BinBackendG2\system\Database\BaseConnection.php(646): CodeIgniter\Database\BaseConnection->simpleQuery('CALL adm_Read_b...')
#3 C:\xampp\htdocs\TUSBinGroup2\BinBackendG2\app\Controllers\Api\Bins.php(13): CodeIgniter\Database\BaseConnection->query('CALL adm_Read_b...')
#4 C:\xampp\htdocs\TUSBinGroup2\BinBackendG2\system\CodeIgniter.php(933): App\Controllers\Api\Bins->index()
#5 C:\xampp\htdocs\TUSBinGroup2\BinBackendG2\system\CodeIgniter.php(507): CodeIgniter\CodeIgniter->runController(Object(App\Controllers\Api\Bins))
#6 C:\xampp\htdocs\TUSBinGroup2\BinBackendG2\system\CodeIgniter.php(354): CodeIgniter\CodeIgniter->handleRequest(NULL, Object(Config\Cache), false)
#7 C:\xampp\htdocs\TUSBinGroup2\BinBackendG2\system\Boot.php(363): CodeIgniter\CodeIgniter->run()
#8 C:\xampp\htdocs\TUSBinGroup2\BinBackendG2\system\Boot.php(68): CodeIgniter\Boot::runCodeIgniter(Object(CodeIgniter\CodeIgniter))
#9 C:\xampp\htdocs\TUSBinGroup2\BinBackendG2\public\index.php(59): CodeIgniter\Boot::bootWeb(Object(Config\Paths))
#10 {main}
CRITICAL - 2025-10-31 16:42:07 --> CodeIgniter\Database\Exceptions\DatabaseException: PROCEDURE tusbinright2.adm_Read_bins does not exist
[Method: GET, Route: api/bins]
in SYSTEMPATH\Database\BaseConnection.php on line 684.
 1 APPPATH\Controllers\Api\Bins.php(13): CodeIgniter\Database\BaseConnection->query('CALL adm_Read_bins()')
 2 SYSTEMPATH\CodeIgniter.php(933): App\Controllers\Api\Bins->index()
 3 SYSTEMPATH\CodeIgniter.php(507): CodeIgniter\CodeIgniter->runController(Object(App\Controllers\Api\Bins))
 4 SYSTEMPATH\CodeIgniter.php(354): CodeIgniter\CodeIgniter->handleRequest(null, Object(Config\Cache), false)
 5 SYSTEMPATH\Boot.php(363): CodeIgniter\CodeIgniter->run()
 6 SYSTEMPATH\Boot.php(68): CodeIgniter\Boot::runCodeIgniter(Object(CodeIgniter\CodeIgniter))
 7 FCPATH\index.php(59): CodeIgniter\Boot::bootWeb(Object(Config\Paths))
CRITICAL - 2025-10-31 16:42:07 --> [Caused by] CodeIgniter\Database\Exceptions\DatabaseException: PROCEDURE tusbinright2.adm_Read_bins does not exist
in SYSTEMPATH\Database\MySQLi\Connection.php on line 332.
 1 SYSTEMPATH\Database\BaseConnection.php(729): CodeIgniter\Database\MySQLi\Connection->execute('CALL adm_Read_bins()')
 2 SYSTEMPATH\Database\BaseConnection.php(646): CodeIgniter\Database\BaseConnection->simpleQuery('CALL adm_Read_bins()')
 3 APPPATH\Controllers\Api\Bins.php(13): CodeIgniter\Database\BaseConnection->query('CALL adm_Read_bins()')
 4 SYSTEMPATH\CodeIgniter.php(933): App\Controllers\Api\Bins->index()
 5 SYSTEMPATH\CodeIgniter.php(507): CodeIgniter\CodeIgniter->runController(Object(App\Controllers\Api\Bins))
 6 SYSTEMPATH\CodeIgniter.php(354): CodeIgniter\CodeIgniter->handleRequest(null, Object(Config\Cache), false)
 7 SYSTEMPATH\Boot.php(363): CodeIgniter\CodeIgniter->run()
 8 SYSTEMPATH\Boot.php(68): CodeIgniter\Boot::runCodeIgniter(Object(CodeIgniter\CodeIgniter))
 9 FCPATH\index.php(59): CodeIgniter\Boot::bootWeb(Object(Config\Paths))
CRITICAL - 2025-10-31 16:42:07 --> [Caused by] mysqli_sql_exception: PROCEDURE tusbinright2.adm_Read_bins does not exist
in SYSTEMPATH\Database\MySQLi\Connection.php on line 327.
 1 SYSTEMPATH\Database\MySQLi\Connection.php(327): mysqli->query('CALL adm_Read_bins()', 0)
 2 SYSTEMPATH\Database\BaseConnection.php(729): CodeIgniter\Database\MySQLi\Connection->execute('CALL adm_Read_bins()')
 3 SYSTEMPATH\Database\BaseConnection.php(646): CodeIgniter\Database\BaseConnection->simpleQuery('CALL adm_Read_bins()')
 4 APPPATH\Controllers\Api\Bins.php(13): CodeIgniter\Database\BaseConnection->query('CALL adm_Read_bins()')
 5 SYSTEMPATH\CodeIgniter.php(933): App\Controllers\Api\Bins->index()
 6 SYSTEMPATH\CodeIgniter.php(507): CodeIgniter\CodeIgniter->runController(Object(App\Controllers\Api\Bins))
 7 SYSTEMPATH\CodeIgniter.php(354): CodeIgniter\CodeIgniter->handleRequest(null, Object(Config\Cache), false)
 8 SYSTEMPATH\Boot.php(363): CodeIgniter\CodeIgniter->run()
 9 SYSTEMPATH\Boot.php(68): CodeIgniter\Boot::runCodeIgniter(Object(CodeIgniter\CodeIgniter))
10 FCPATH\index.php(59): CodeIgniter\Boot::bootWeb(Object(Config\Paths))
ERROR - 2025-10-31 16:42:09 --> mysqli_sql_exception: PROCEDURE tusbinright2.adm_Read_bins does not exist in C:\xampp\htdocs\TUSBinGroup2\BinBackendG2\system\Database\MySQLi\Connection.php:327
Stack trace:
#0 C:\xampp\htdocs\TUSBinGroup2\BinBackendG2\system\Database\MySQLi\Connection.php(327): mysqli->query('CALL adm_Read_b...', 0)
#1 C:\xampp\htdocs\TUSBinGroup2\BinBackendG2\system\Database\BaseConnection.php(729): CodeIgniter\Database\MySQLi\Connection->execute('CALL adm_Read_b...')
#2 C:\xampp\htdocs\TUSBinGroup2\BinBackendG2\system\Database\BaseConnection.php(646): CodeIgniter\Database\BaseConnection->simpleQuery('CALL adm_Read_b...')
#3 C:\xampp\htdocs\TUSBinGroup2\BinBackendG2\app\Controllers\Api\Bins.php(13): CodeIgniter\Database\BaseConnection->query('CALL adm_Read_b...')
#4 C:\xampp\htdocs\TUSBinGroup2\BinBackendG2\system\CodeIgniter.php(933): App\Controllers\Api\Bins->index()
#5 C:\xampp\htdocs\TUSBinGroup2\BinBackendG2\system\CodeIgniter.php(507): CodeIgniter\CodeIgniter->runController(Object(App\Controllers\Api\Bins))
#6 C:\xampp\htdocs\TUSBinGroup2\BinBackendG2\system\CodeIgniter.php(354): CodeIgniter\CodeIgniter->handleRequest(NULL, Object(Config\Cache), false)
#7 C:\xampp\htdocs\TUSBinGroup2\BinBackendG2\system\Boot.php(363): CodeIgniter\CodeIgniter->run()
#8 C:\xampp\htdocs\TUSBinGroup2\BinBackendG2\system\Boot.php(68): CodeIgniter\Boot::runCodeIgniter(Object(CodeIgniter\CodeIgniter))
#9 C:\xampp\htdocs\TUSBinGroup2\BinBackendG2\public\index.php(59): CodeIgniter\Boot::bootWeb(Object(Config\Paths))
#10 {main}
CRITICAL - 2025-10-31 16:42:09 --> CodeIgniter\Database\Exceptions\DatabaseException: PROCEDURE tusbinright2.adm_Read_bins does not exist
[Method: GET, Route: api/bins]
in SYSTEMPATH\Database\BaseConnection.php on line 684.
 1 APPPATH\Controllers\Api\Bins.php(13): CodeIgniter\Database\BaseConnection->query('CALL adm_Read_bins()')
 2 SYSTEMPATH\CodeIgniter.php(933): App\Controllers\Api\Bins->index()
 3 SYSTEMPATH\CodeIgniter.php(507): CodeIgniter\CodeIgniter->runController(Object(App\Controllers\Api\Bins))
 4 SYSTEMPATH\CodeIgniter.php(354): CodeIgniter\CodeIgniter->handleRequest(null, Object(Config\Cache), false)
 5 SYSTEMPATH\Boot.php(363): CodeIgniter\CodeIgniter->run()
 6 SYSTEMPATH\Boot.php(68): CodeIgniter\Boot::runCodeIgniter(Object(CodeIgniter\CodeIgniter))
 7 FCPATH\index.php(59): CodeIgniter\Boot::bootWeb(Object(Config\Paths))
CRITICAL - 2025-10-31 16:42:09 --> [Caused by] CodeIgniter\Database\Exceptions\DatabaseException: PROCEDURE tusbinright2.adm_Read_bins does not exist
in SYSTEMPATH\Database\MySQLi\Connection.php on line 332.
 1 SYSTEMPATH\Database\BaseConnection.php(729): CodeIgniter\Database\MySQLi\Connection->execute('CALL adm_Read_bins()')
 2 SYSTEMPATH\Database\BaseConnection.php(646): CodeIgniter\Database\BaseConnection->simpleQuery('CALL adm_Read_bins()')
 3 APPPATH\Controllers\Api\Bins.php(13): CodeIgniter\Database\BaseConnection->query('CALL adm_Read_bins()')
 4 SYSTEMPATH\CodeIgniter.php(933): App\Controllers\Api\Bins->index()
 5 SYSTEMPATH\CodeIgniter.php(507): CodeIgniter\CodeIgniter->runController(Object(App\Controllers\Api\Bins))
 6 SYSTEMPATH\CodeIgniter.php(354): CodeIgniter\CodeIgniter->handleRequest(null, Object(Config\Cache), false)
 7 SYSTEMPATH\Boot.php(363): CodeIgniter\CodeIgniter->run()
 8 SYSTEMPATH\Boot.php(68): CodeIgniter\Boot::runCodeIgniter(Object(CodeIgniter\CodeIgniter))
 9 FCPATH\index.php(59): CodeIgniter\Boot::bootWeb(Object(Config\Paths))
CRITICAL - 2025-10-31 16:42:09 --> [Caused by] mysqli_sql_exception: PROCEDURE tusbinright2.adm_Read_bins does not exist
in SYSTEMPATH\Database\MySQLi\Connection.php on line 327.
 1 SYSTEMPATH\Database\MySQLi\Connection.php(327): mysqli->query('CALL adm_Read_bins()', 0)
 2 SYSTEMPATH\Database\BaseConnection.php(729): CodeIgniter\Database\MySQLi\Connection->execute('CALL adm_Read_bins()')
 3 SYSTEMPATH\Database\BaseConnection.php(646): CodeIgniter\Database\BaseConnection->simpleQuery('CALL adm_Read_bins()')
 4 APPPATH\Controllers\Api\Bins.php(13): CodeIgniter\Database\BaseConnection->query('CALL adm_Read_bins()')
 5 SYSTEMPATH\CodeIgniter.php(933): App\Controllers\Api\Bins->index()
 6 SYSTEMPATH\CodeIgniter.php(507): CodeIgniter\CodeIgniter->runController(Object(App\Controllers\Api\Bins))
 7 SYSTEMPATH\CodeIgniter.php(354): CodeIgniter\CodeIgniter->handleRequest(null, Object(Config\Cache), false)
 8 SYSTEMPATH\Boot.php(363): CodeIgniter\CodeIgniter->run()
 9 SYSTEMPATH\Boot.php(68): CodeIgniter\Boot::runCodeIgniter(Object(CodeIgniter\CodeIgniter))
10 FCPATH\index.php(59): CodeIgniter\Boot::bootWeb(Object(Config\Paths))
ERROR - 2025-10-31 16:42:16 --> mysqli_sql_exception: PROCEDURE tusbinright2.adm_Read_bins does not exist in C:\xampp\htdocs\TUSBinGroup2\BinBackendG2\system\Database\MySQLi\Connection.php:327
Stack trace:
#0 C:\xampp\htdocs\TUSBinGroup2\BinBackendG2\system\Database\MySQLi\Connection.php(327): mysqli->query('CALL adm_Read_b...', 0)
#1 C:\xampp\htdocs\TUSBinGroup2\BinBackendG2\system\Database\BaseConnection.php(729): CodeIgniter\Database\MySQLi\Connection->execute('CALL adm_Read_b...')
#2 C:\xampp\htdocs\TUSBinGroup2\BinBackendG2\system\Database\BaseConnection.php(646): CodeIgniter\Database\BaseConnection->simpleQuery('CALL adm_Read_b...')
#3 C:\xampp\htdocs\TUSBinGroup2\BinBackendG2\app\Controllers\Api\Bins.php(13): CodeIgniter\Database\BaseConnection->query('CALL adm_Read_b...')
#4 C:\xampp\htdocs\TUSBinGroup2\BinBackendG2\system\CodeIgniter.php(933): App\Controllers\Api\Bins->index()
#5 C:\xampp\htdocs\TUSBinGroup2\BinBackendG2\system\CodeIgniter.php(507): CodeIgniter\CodeIgniter->runController(Object(App\Controllers\Api\Bins))
#6 C:\xampp\htdocs\TUSBinGroup2\BinBackendG2\system\CodeIgniter.php(354): CodeIgniter\CodeIgniter->handleRequest(NULL, Object(Config\Cache), false)
#7 C:\xampp\htdocs\TUSBinGroup2\BinBackendG2\system\Boot.php(363): CodeIgniter\CodeIgniter->run()
#8 C:\xampp\htdocs\TUSBinGroup2\BinBackendG2\system\Boot.php(68): CodeIgniter\Boot::runCodeIgniter(Object(CodeIgniter\CodeIgniter))
#9 C:\xampp\htdocs\TUSBinGroup2\BinBackendG2\public\index.php(59): CodeIgniter\Boot::bootWeb(Object(Config\Paths))
#10 {main}
CRITICAL - 2025-10-31 16:42:16 --> CodeIgniter\Database\Exceptions\DatabaseException: PROCEDURE tusbinright2.adm_Read_bins does not exist
[Method: GET, Route: api/bins]
in SYSTEMPATH\Database\BaseConnection.php on line 684.
 1 APPPATH\Controllers\Api\Bins.php(13): CodeIgniter\Database\BaseConnection->query('CALL adm_Read_bins()')
 2 SYSTEMPATH\CodeIgniter.php(933): App\Controllers\Api\Bins->index()
 3 SYSTEMPATH\CodeIgniter.php(507): CodeIgniter\CodeIgniter->runController(Object(App\Controllers\Api\Bins))
 4 SYSTEMPATH\CodeIgniter.php(354): CodeIgniter\CodeIgniter->handleRequest(null, Object(Config\Cache), false)
 5 SYSTEMPATH\Boot.php(363): CodeIgniter\CodeIgniter->run()
 6 SYSTEMPATH\Boot.php(68): CodeIgniter\Boot::runCodeIgniter(Object(CodeIgniter\CodeIgniter))
 7 FCPATH\index.php(59): CodeIgniter\Boot::bootWeb(Object(Config\Paths))
CRITICAL - 2025-10-31 16:42:16 --> [Caused by] CodeIgniter\Database\Exceptions\DatabaseException: PROCEDURE tusbinright2.adm_Read_bins does not exist
in SYSTEMPATH\Database\MySQLi\Connection.php on line 332.
 1 SYSTEMPATH\Database\BaseConnection.php(729): CodeIgniter\Database\MySQLi\Connection->execute('CALL adm_Read_bins()')
 2 SYSTEMPATH\Database\BaseConnection.php(646): CodeIgniter\Database\BaseConnection->simpleQuery('CALL adm_Read_bins()')
 3 APPPATH\Controllers\Api\Bins.php(13): CodeIgniter\Database\BaseConnection->query('CALL adm_Read_bins()')
 4 SYSTEMPATH\CodeIgniter.php(933): App\Controllers\Api\Bins->index()
 5 SYSTEMPATH\CodeIgniter.php(507): CodeIgniter\CodeIgniter->runController(Object(App\Controllers\Api\Bins))
 6 SYSTEMPATH\CodeIgniter.php(354): CodeIgniter\CodeIgniter->handleRequest(null, Object(Config\Cache), false)
 7 SYSTEMPATH\Boot.php(363): CodeIgniter\CodeIgniter->run()
 8 SYSTEMPATH\Boot.php(68): CodeIgniter\Boot::runCodeIgniter(Object(CodeIgniter\CodeIgniter))
 9 FCPATH\index.php(59): CodeIgniter\Boot::bootWeb(Object(Config\Paths))
CRITICAL - 2025-10-31 16:42:16 --> [Caused by] mysqli_sql_exception: PROCEDURE tusbinright2.adm_Read_bins does not exist
in SYSTEMPATH\Database\MySQLi\Connection.php on line 327.
 1 SYSTEMPATH\Database\MySQLi\Connection.php(327): mysqli->query('CALL adm_Read_bins()', 0)
 2 SYSTEMPATH\Database\BaseConnection.php(729): CodeIgniter\Database\MySQLi\Connection->execute('CALL adm_Read_bins()')
 3 SYSTEMPATH\Database\BaseConnection.php(646): CodeIgniter\Database\BaseConnection->simpleQuery('CALL adm_Read_bins()')
 4 APPPATH\Controllers\Api\Bins.php(13): CodeIgniter\Database\BaseConnection->query('CALL adm_Read_bins()')
 5 SYSTEMPATH\CodeIgniter.php(933): App\Controllers\Api\Bins->index()
 6 SYSTEMPATH\CodeIgniter.php(507): CodeIgniter\CodeIgniter->runController(Object(App\Controllers\Api\Bins))
 7 SYSTEMPATH\CodeIgniter.php(354): CodeIgniter\CodeIgniter->handleRequest(null, Object(Config\Cache), false)
 8 SYSTEMPATH\Boot.php(363): CodeIgniter\CodeIgniter->run()
 9 SYSTEMPATH\Boot.php(68): CodeIgniter\Boot::runCodeIgniter(Object(CodeIgniter\CodeIgniter))
10 FCPATH\index.php(59): CodeIgniter\Boot::bootWeb(Object(Config\Paths))
ERROR - 2025-10-31 16:46:12 --> mysqli_sql_exception: PROCEDURE tusbinright2.adm_Read_bins does not exist in C:\xampp\htdocs\TUSBinGroup2\BinBackendG2\system\Database\MySQLi\Connection.php:327
Stack trace:
#0 C:\xampp\htdocs\TUSBinGroup2\BinBackendG2\system\Database\MySQLi\Connection.php(327): mysqli->query('CALL adm_Read_b...', 0)
#1 C:\xampp\htdocs\TUSBinGroup2\BinBackendG2\system\Database\BaseConnection.php(729): CodeIgniter\Database\MySQLi\Connection->execute('CALL adm_Read_b...')
#2 C:\xampp\htdocs\TUSBinGroup2\BinBackendG2\system\Database\BaseConnection.php(646): CodeIgniter\Database\BaseConnection->simpleQuery('CALL adm_Read_b...')
#3 C:\xampp\htdocs\TUSBinGroup2\BinBackendG2\app\Controllers\Api\Bins.php(13): CodeIgniter\Database\BaseConnection->query('CALL adm_Read_b...')
#4 C:\xampp\htdocs\TUSBinGroup2\BinBackendG2\system\CodeIgniter.php(933): App\Controllers\Api\Bins->index()
#5 C:\xampp\htdocs\TUSBinGroup2\BinBackendG2\system\CodeIgniter.php(507): CodeIgniter\CodeIgniter->runController(Object(App\Controllers\Api\Bins))
#6 C:\xampp\htdocs\TUSBinGroup2\BinBackendG2\system\CodeIgniter.php(354): CodeIgniter\CodeIgniter->handleRequest(NULL, Object(Config\Cache), false)
#7 C:\xampp\htdocs\TUSBinGroup2\BinBackendG2\system\Boot.php(363): CodeIgniter\CodeIgniter->run()
#8 C:\xampp\htdocs\TUSBinGroup2\BinBackendG2\system\Boot.php(68): CodeIgniter\Boot::runCodeIgniter(Object(CodeIgniter\CodeIgniter))
#9 C:\xampp\htdocs\TUSBinGroup2\BinBackendG2\public\index.php(59): CodeIgniter\Boot::bootWeb(Object(Config\Paths))
#10 {main}
CRITICAL - 2025-10-31 16:46:12 --> CodeIgniter\Database\Exceptions\DatabaseException: PROCEDURE tusbinright2.adm_Read_bins does not exist
[Method: GET, Route: api/bins]
in SYSTEMPATH\Database\BaseConnection.php on line 684.
 1 APPPATH\Controllers\Api\Bins.php(13): CodeIgniter\Database\BaseConnection->query('CALL adm_Read_bins()')
 2 SYSTEMPATH\CodeIgniter.php(933): App\Controllers\Api\Bins->index()
 3 SYSTEMPATH\CodeIgniter.php(507): CodeIgniter\CodeIgniter->runController(Object(App\Controllers\Api\Bins))
 4 SYSTEMPATH\CodeIgniter.php(354): CodeIgniter\CodeIgniter->handleRequest(null, Object(Config\Cache), false)
 5 SYSTEMPATH\Boot.php(363): CodeIgniter\CodeIgniter->run()
 6 SYSTEMPATH\Boot.php(68): CodeIgniter\Boot::runCodeIgniter(Object(CodeIgniter\CodeIgniter))
 7 FCPATH\index.php(59): CodeIgniter\Boot::bootWeb(Object(Config\Paths))
CRITICAL - 2025-10-31 16:46:12 --> [Caused by] CodeIgniter\Database\Exceptions\DatabaseException: PROCEDURE tusbinright2.adm_Read_bins does not exist
in SYSTEMPATH\Database\MySQLi\Connection.php on line 332.
 1 SYSTEMPATH\Database\BaseConnection.php(729): CodeIgniter\Database\MySQLi\Connection->execute('CALL adm_Read_bins()')
 2 SYSTEMPATH\Database\BaseConnection.php(646): CodeIgniter\Database\BaseConnection->simpleQuery('CALL adm_Read_bins()')
 3 APPPATH\Controllers\Api\Bins.php(13): CodeIgniter\Database\BaseConnection->query('CALL adm_Read_bins()')
 4 SYSTEMPATH\CodeIgniter.php(933): App\Controllers\Api\Bins->index()
 5 SYSTEMPATH\CodeIgniter.php(507): CodeIgniter\CodeIgniter->runController(Object(App\Controllers\Api\Bins))
 6 SYSTEMPATH\CodeIgniter.php(354): CodeIgniter\CodeIgniter->handleRequest(null, Object(Config\Cache), false)
 7 SYSTEMPATH\Boot.php(363): CodeIgniter\CodeIgniter->run()
 8 SYSTEMPATH\Boot.php(68): CodeIgniter\Boot::runCodeIgniter(Object(CodeIgniter\CodeIgniter))
 9 FCPATH\index.php(59): CodeIgniter\Boot::bootWeb(Object(Config\Paths))
CRITICAL - 2025-10-31 16:46:12 --> [Caused by] mysqli_sql_exception: PROCEDURE tusbinright2.adm_Read_bins does not exist
in SYSTEMPATH\Database\MySQLi\Connection.php on line 327.
 1 SYSTEMPATH\Database\MySQLi\Connection.php(327): mysqli->query('CALL adm_Read_bins()', 0)
 2 SYSTEMPATH\Database\BaseConnection.php(729): CodeIgniter\Database\MySQLi\Connection->execute('CALL adm_Read_bins()')
 3 SYSTEMPATH\Database\BaseConnection.php(646): CodeIgniter\Database\BaseConnection->simpleQuery('CALL adm_Read_bins()')
 4 APPPATH\Controllers\Api\Bins.php(13): CodeIgniter\Database\BaseConnection->query('CALL adm_Read_bins()')
 5 SYSTEMPATH\CodeIgniter.php(933): App\Controllers\Api\Bins->index()
 6 SYSTEMPATH\CodeIgniter.php(507): CodeIgniter\CodeIgniter->runController(Object(App\Controllers\Api\Bins))
 7 SYSTEMPATH\CodeIgniter.php(354): CodeIgniter\CodeIgniter->handleRequest(null, Object(Config\Cache), false)
 8 SYSTEMPATH\Boot.php(363): CodeIgniter\CodeIgniter->run()
 9 SYSTEMPATH\Boot.php(68): CodeIgniter\Boot::runCodeIgniter(Object(CodeIgniter\CodeIgniter))
10 FCPATH\index.php(59): CodeIgniter\Boot::bootWeb(Object(Config\Paths))
ERROR - 2025-10-31 16:46:20 --> mysqli_sql_exception: PROCEDURE tusbinright2.adm_Read_bins does not exist in C:\xampp\htdocs\TUSBinGroup2\BinBackendG2\system\Database\MySQLi\Connection.php:327
Stack trace:
#0 C:\xampp\htdocs\TUSBinGroup2\BinBackendG2\system\Database\MySQLi\Connection.php(327): mysqli->query('CALL adm_Read_b...', 0)
#1 C:\xampp\htdocs\TUSBinGroup2\BinBackendG2\system\Database\BaseConnection.php(729): CodeIgniter\Database\MySQLi\Connection->execute('CALL adm_Read_b...')
#2 C:\xampp\htdocs\TUSBinGroup2\BinBackendG2\system\Database\BaseConnection.php(646): CodeIgniter\Database\BaseConnection->simpleQuery('CALL adm_Read_b...')
#3 C:\xampp\htdocs\TUSBinGroup2\BinBackendG2\app\Controllers\Api\Bins.php(13): CodeIgniter\Database\BaseConnection->query('CALL adm_Read_b...')
#4 C:\xampp\htdocs\TUSBinGroup2\BinBackendG2\system\CodeIgniter.php(933): App\Controllers\Api\Bins->index()
#5 C:\xampp\htdocs\TUSBinGroup2\BinBackendG2\system\CodeIgniter.php(507): CodeIgniter\CodeIgniter->runController(Object(App\Controllers\Api\Bins))
#6 C:\xampp\htdocs\TUSBinGroup2\BinBackendG2\system\CodeIgniter.php(354): CodeIgniter\CodeIgniter->handleRequest(NULL, Object(Config\Cache), false)
#7 C:\xampp\htdocs\TUSBinGroup2\BinBackendG2\system\Boot.php(363): CodeIgniter\CodeIgniter->run()
#8 C:\xampp\htdocs\TUSBinGroup2\BinBackendG2\system\Boot.php(68): CodeIgniter\Boot::runCodeIgniter(Object(CodeIgniter\CodeIgniter))
#9 C:\xampp\htdocs\TUSBinGroup2\BinBackendG2\public\index.php(59): CodeIgniter\Boot::bootWeb(Object(Config\Paths))
#10 {main}
CRITICAL - 2025-10-31 16:46:20 --> CodeIgniter\Database\Exceptions\DatabaseException: PROCEDURE tusbinright2.adm_Read_bins does not exist
[Method: GET, Route: api/bins]
in SYSTEMPATH\Database\BaseConnection.php on line 684.
 1 APPPATH\Controllers\Api\Bins.php(13): CodeIgniter\Database\BaseConnection->query('CALL adm_Read_bins()')
 2 SYSTEMPATH\CodeIgniter.php(933): App\Controllers\Api\Bins->index()
 3 SYSTEMPATH\CodeIgniter.php(507): CodeIgniter\CodeIgniter->runController(Object(App\Controllers\Api\Bins))
 4 SYSTEMPATH\CodeIgniter.php(354): CodeIgniter\CodeIgniter->handleRequest(null, Object(Config\Cache), false)
 5 SYSTEMPATH\Boot.php(363): CodeIgniter\CodeIgniter->run()
 6 SYSTEMPATH\Boot.php(68): CodeIgniter\Boot::runCodeIgniter(Object(CodeIgniter\CodeIgniter))
 7 FCPATH\index.php(59): CodeIgniter\Boot::bootWeb(Object(Config\Paths))
CRITICAL - 2025-10-31 16:46:20 --> [Caused by] CodeIgniter\Database\Exceptions\DatabaseException: PROCEDURE tusbinright2.adm_Read_bins does not exist
in SYSTEMPATH\Database\MySQLi\Connection.php on line 332.
 1 SYSTEMPATH\Database\BaseConnection.php(729): CodeIgniter\Database\MySQLi\Connection->execute('CALL adm_Read_bins()')
 2 SYSTEMPATH\Database\BaseConnection.php(646): CodeIgniter\Database\BaseConnection->simpleQuery('CALL adm_Read_bins()')
 3 APPPATH\Controllers\Api\Bins.php(13): CodeIgniter\Database\BaseConnection->query('CALL adm_Read_bins()')
 4 SYSTEMPATH\CodeIgniter.php(933): App\Controllers\Api\Bins->index()
 5 SYSTEMPATH\CodeIgniter.php(507): CodeIgniter\CodeIgniter->runController(Object(App\Controllers\Api\Bins))
 6 SYSTEMPATH\CodeIgniter.php(354): CodeIgniter\CodeIgniter->handleRequest(null, Object(Config\Cache), false)
 7 SYSTEMPATH\Boot.php(363): CodeIgniter\CodeIgniter->run()
 8 SYSTEMPATH\Boot.php(68): CodeIgniter\Boot::runCodeIgniter(Object(CodeIgniter\CodeIgniter))
 9 FCPATH\index.php(59): CodeIgniter\Boot::bootWeb(Object(Config\Paths))
CRITICAL - 2025-10-31 16:46:20 --> [Caused by] mysqli_sql_exception: PROCEDURE tusbinright2.adm_Read_bins does not exist
in SYSTEMPATH\Database\MySQLi\Connection.php on line 327.
 1 SYSTEMPATH\Database\MySQLi\Connection.php(327): mysqli->query('CALL adm_Read_bins()', 0)
 2 SYSTEMPATH\Database\BaseConnection.php(729): CodeIgniter\Database\MySQLi\Connection->execute('CALL adm_Read_bins()')
 3 SYSTEMPATH\Database\BaseConnection.php(646): CodeIgniter\Database\BaseConnection->simpleQuery('CALL adm_Read_bins()')
 4 APPPATH\Controllers\Api\Bins.php(13): CodeIgniter\Database\BaseConnection->query('CALL adm_Read_bins()')
 5 SYSTEMPATH\CodeIgniter.php(933): App\Controllers\Api\Bins->index()
 6 SYSTEMPATH\CodeIgniter.php(507): CodeIgniter\CodeIgniter->runController(Object(App\Controllers\Api\Bins))
 7 SYSTEMPATH\CodeIgniter.php(354): CodeIgniter\CodeIgniter->handleRequest(null, Object(Config\Cache), false)
 8 SYSTEMPATH\Boot.php(363): CodeIgniter\CodeIgniter->run()
 9 SYSTEMPATH\Boot.php(68): CodeIgniter\Boot::runCodeIgniter(Object(CodeIgniter\CodeIgniter))
10 FCPATH\index.php(59): CodeIgniter\Boot::bootWeb(Object(Config\Paths))
ERROR - 2025-10-31 16:46:20 --> mysqli_sql_exception: PROCEDURE tusbinright2.adm_Read_bins does not exist in C:\xampp\htdocs\TUSBinGroup2\BinBackendG2\system\Database\MySQLi\Connection.php:327
Stack trace:
#0 C:\xampp\htdocs\TUSBinGroup2\BinBackendG2\system\Database\MySQLi\Connection.php(327): mysqli->query('CALL adm_Read_b...', 0)
#1 C:\xampp\htdocs\TUSBinGroup2\BinBackendG2\system\Database\BaseConnection.php(729): CodeIgniter\Database\MySQLi\Connection->execute('CALL adm_Read_b...')
#2 C:\xampp\htdocs\TUSBinGroup2\BinBackendG2\system\Database\BaseConnection.php(646): CodeIgniter\Database\BaseConnection->simpleQuery('CALL adm_Read_b...')
#3 C:\xampp\htdocs\TUSBinGroup2\BinBackendG2\app\Controllers\Api\Bins.php(13): CodeIgniter\Database\BaseConnection->query('CALL adm_Read_b...')
#4 C:\xampp\htdocs\TUSBinGroup2\BinBackendG2\system\CodeIgniter.php(933): App\Controllers\Api\Bins->index()
#5 C:\xampp\htdocs\TUSBinGroup2\BinBackendG2\system\CodeIgniter.php(507): CodeIgniter\CodeIgniter->runController(Object(App\Controllers\Api\Bins))
#6 C:\xampp\htdocs\TUSBinGroup2\BinBackendG2\system\CodeIgniter.php(354): CodeIgniter\CodeIgniter->handleRequest(NULL, Object(Config\Cache), false)
#7 C:\xampp\htdocs\TUSBinGroup2\BinBackendG2\system\Boot.php(363): CodeIgniter\CodeIgniter->run()
#8 C:\xampp\htdocs\TUSBinGroup2\BinBackendG2\system\Boot.php(68): CodeIgniter\Boot::runCodeIgniter(Object(CodeIgniter\CodeIgniter))
#9 C:\xampp\htdocs\TUSBinGroup2\BinBackendG2\public\index.php(59): CodeIgniter\Boot::bootWeb(Object(Config\Paths))
#10 {main}
CRITICAL - 2025-10-31 16:46:20 --> CodeIgniter\Database\Exceptions\DatabaseException: PROCEDURE tusbinright2.adm_Read_bins does not exist
[Method: GET, Route: api/bins]
in SYSTEMPATH\Database\BaseConnection.php on line 684.
 1 APPPATH\Controllers\Api\Bins.php(13): CodeIgniter\Database\BaseConnection->query('CALL adm_Read_bins()')
 2 SYSTEMPATH\CodeIgniter.php(933): App\Controllers\Api\Bins->index()
 3 SYSTEMPATH\CodeIgniter.php(507): CodeIgniter\CodeIgniter->runController(Object(App\Controllers\Api\Bins))
 4 SYSTEMPATH\CodeIgniter.php(354): CodeIgniter\CodeIgniter->handleRequest(null, Object(Config\Cache), false)
 5 SYSTEMPATH\Boot.php(363): CodeIgniter\CodeIgniter->run()
 6 SYSTEMPATH\Boot.php(68): CodeIgniter\Boot::runCodeIgniter(Object(CodeIgniter\CodeIgniter))
 7 FCPATH\index.php(59): CodeIgniter\Boot::bootWeb(Object(Config\Paths))
CRITICAL - 2025-10-31 16:46:20 --> [Caused by] CodeIgniter\Database\Exceptions\DatabaseException: PROCEDURE tusbinright2.adm_Read_bins does not exist
in SYSTEMPATH\Database\MySQLi\Connection.php on line 332.
 1 SYSTEMPATH\Database\BaseConnection.php(729): CodeIgniter\Database\MySQLi\Connection->execute('CALL adm_Read_bins()')
 2 SYSTEMPATH\Database\BaseConnection.php(646): CodeIgniter\Database\BaseConnection->simpleQuery('CALL adm_Read_bins()')
 3 APPPATH\Controllers\Api\Bins.php(13): CodeIgniter\Database\BaseConnection->query('CALL adm_Read_bins()')
 4 SYSTEMPATH\CodeIgniter.php(933): App\Controllers\Api\Bins->index()
 5 SYSTEMPATH\CodeIgniter.php(507): CodeIgniter\CodeIgniter->runController(Object(App\Controllers\Api\Bins))
 6 SYSTEMPATH\CodeIgniter.php(354): CodeIgniter\CodeIgniter->handleRequest(null, Object(Config\Cache), false)
 7 SYSTEMPATH\Boot.php(363): CodeIgniter\CodeIgniter->run()
 8 SYSTEMPATH\Boot.php(68): CodeIgniter\Boot::runCodeIgniter(Object(CodeIgniter\CodeIgniter))
 9 FCPATH\index.php(59): CodeIgniter\Boot::bootWeb(Object(Config\Paths))
CRITICAL - 2025-10-31 16:46:20 --> [Caused by] mysqli_sql_exception: PROCEDURE tusbinright2.adm_Read_bins does not exist
in SYSTEMPATH\Database\MySQLi\Connection.php on line 327.
 1 SYSTEMPATH\Database\MySQLi\Connection.php(327): mysqli->query('CALL adm_Read_bins()', 0)
 2 SYSTEMPATH\Database\BaseConnection.php(729): CodeIgniter\Database\MySQLi\Connection->execute('CALL adm_Read_bins()')
 3 SYSTEMPATH\Database\BaseConnection.php(646): CodeIgniter\Database\BaseConnection->simpleQuery('CALL adm_Read_bins()')
 4 APPPATH\Controllers\Api\Bins.php(13): CodeIgniter\Database\BaseConnection->query('CALL adm_Read_bins()')
 5 SYSTEMPATH\CodeIgniter.php(933): App\Controllers\Api\Bins->index()
 6 SYSTEMPATH\CodeIgniter.php(507): CodeIgniter\CodeIgniter->runController(Object(App\Controllers\Api\Bins))
 7 SYSTEMPATH\CodeIgniter.php(354): CodeIgniter\CodeIgniter->handleRequest(null, Object(Config\Cache), false)
 8 SYSTEMPATH\Boot.php(363): CodeIgniter\CodeIgniter->run()
 9 SYSTEMPATH\Boot.php(68): CodeIgniter\Boot::runCodeIgniter(Object(CodeIgniter\CodeIgniter))
10 FCPATH\index.php(59): CodeIgniter\Boot::bootWeb(Object(Config\Paths))
ERROR - 2025-10-31 16:46:21 --> mysqli_sql_exception: PROCEDURE tusbinright2.adm_Read_bins does not exist in C:\xampp\htdocs\TUSBinGroup2\BinBackendG2\system\Database\MySQLi\Connection.php:327
Stack trace:
#0 C:\xampp\htdocs\TUSBinGroup2\BinBackendG2\system\Database\MySQLi\Connection.php(327): mysqli->query('CALL adm_Read_b...', 0)
#1 C:\xampp\htdocs\TUSBinGroup2\BinBackendG2\system\Database\BaseConnection.php(729): CodeIgniter\Database\MySQLi\Connection->execute('CALL adm_Read_b...')
#2 C:\xampp\htdocs\TUSBinGroup2\BinBackendG2\system\Database\BaseConnection.php(646): CodeIgniter\Database\BaseConnection->simpleQuery('CALL adm_Read_b...')
#3 C:\xampp\htdocs\TUSBinGroup2\BinBackendG2\app\Controllers\Api\Bins.php(13): CodeIgniter\Database\BaseConnection->query('CALL adm_Read_b...')
#4 C:\xampp\htdocs\TUSBinGroup2\BinBackendG2\system\CodeIgniter.php(933): App\Controllers\Api\Bins->index()
#5 C:\xampp\htdocs\TUSBinGroup2\BinBackendG2\system\CodeIgniter.php(507): CodeIgniter\CodeIgniter->runController(Object(App\Controllers\Api\Bins))
#6 C:\xampp\htdocs\TUSBinGroup2\BinBackendG2\system\CodeIgniter.php(354): CodeIgniter\CodeIgniter->handleRequest(NULL, Object(Config\Cache), false)
#7 C:\xampp\htdocs\TUSBinGroup2\BinBackendG2\system\Boot.php(363): CodeIgniter\CodeIgniter->run()
#8 C:\xampp\htdocs\TUSBinGroup2\BinBackendG2\system\Boot.php(68): CodeIgniter\Boot::runCodeIgniter(Object(CodeIgniter\CodeIgniter))
#9 C:\xampp\htdocs\TUSBinGroup2\BinBackendG2\public\index.php(59): CodeIgniter\Boot::bootWeb(Object(Config\Paths))
#10 {main}
CRITICAL - 2025-10-31 16:46:21 --> CodeIgniter\Database\Exceptions\DatabaseException: PROCEDURE tusbinright2.adm_Read_bins does not exist
[Method: GET, Route: api/bins]
in SYSTEMPATH\Database\BaseConnection.php on line 684.
 1 APPPATH\Controllers\Api\Bins.php(13): CodeIgniter\Database\BaseConnection->query('CALL adm_Read_bins()')
 2 SYSTEMPATH\CodeIgniter.php(933): App\Controllers\Api\Bins->index()
 3 SYSTEMPATH\CodeIgniter.php(507): CodeIgniter\CodeIgniter->runController(Object(App\Controllers\Api\Bins))
 4 SYSTEMPATH\CodeIgniter.php(354): CodeIgniter\CodeIgniter->handleRequest(null, Object(Config\Cache), false)
 5 SYSTEMPATH\Boot.php(363): CodeIgniter\CodeIgniter->run()
 6 SYSTEMPATH\Boot.php(68): CodeIgniter\Boot::runCodeIgniter(Object(CodeIgniter\CodeIgniter))
 7 FCPATH\index.php(59): CodeIgniter\Boot::bootWeb(Object(Config\Paths))
CRITICAL - 2025-10-31 16:46:21 --> [Caused by] CodeIgniter\Database\Exceptions\DatabaseException: PROCEDURE tusbinright2.adm_Read_bins does not exist
in SYSTEMPATH\Database\MySQLi\Connection.php on line 332.
 1 SYSTEMPATH\Database\BaseConnection.php(729): CodeIgniter\Database\MySQLi\Connection->execute('CALL adm_Read_bins()')
 2 SYSTEMPATH\Database\BaseConnection.php(646): CodeIgniter\Database\BaseConnection->simpleQuery('CALL adm_Read_bins()')
 3 APPPATH\Controllers\Api\Bins.php(13): CodeIgniter\Database\BaseConnection->query('CALL adm_Read_bins()')
 4 SYSTEMPATH\CodeIgniter.php(933): App\Controllers\Api\Bins->index()
 5 SYSTEMPATH\CodeIgniter.php(507): CodeIgniter\CodeIgniter->runController(Object(App\Controllers\Api\Bins))
 6 SYSTEMPATH\CodeIgniter.php(354): CodeIgniter\CodeIgniter->handleRequest(null, Object(Config\Cache), false)
 7 SYSTEMPATH\Boot.php(363): CodeIgniter\CodeIgniter->run()
 8 SYSTEMPATH\Boot.php(68): CodeIgniter\Boot::runCodeIgniter(Object(CodeIgniter\CodeIgniter))
 9 FCPATH\index.php(59): CodeIgniter\Boot::bootWeb(Object(Config\Paths))
CRITICAL - 2025-10-31 16:46:21 --> [Caused by] mysqli_sql_exception: PROCEDURE tusbinright2.adm_Read_bins does not exist
in SYSTEMPATH\Database\MySQLi\Connection.php on line 327.
 1 SYSTEMPATH\Database\MySQLi\Connection.php(327): mysqli->query('CALL adm_Read_bins()', 0)
 2 SYSTEMPATH\Database\BaseConnection.php(729): CodeIgniter\Database\MySQLi\Connection->execute('CALL adm_Read_bins()')
 3 SYSTEMPATH\Database\BaseConnection.php(646): CodeIgniter\Database\BaseConnection->simpleQuery('CALL adm_Read_bins()')
 4 APPPATH\Controllers\Api\Bins.php(13): CodeIgniter\Database\BaseConnection->query('CALL adm_Read_bins()')
 5 SYSTEMPATH\CodeIgniter.php(933): App\Controllers\Api\Bins->index()
 6 SYSTEMPATH\CodeIgniter.php(507): CodeIgniter\CodeIgniter->runController(Object(App\Controllers\Api\Bins))
 7 SYSTEMPATH\CodeIgniter.php(354): CodeIgniter\CodeIgniter->handleRequest(null, Object(Config\Cache), false)
 8 SYSTEMPATH\Boot.php(363): CodeIgniter\CodeIgniter->run()
 9 SYSTEMPATH\Boot.php(68): CodeIgniter\Boot::runCodeIgniter(Object(CodeIgniter\CodeIgniter))
10 FCPATH\index.php(59): CodeIgniter\Boot::bootWeb(Object(Config\Paths))
ERROR - 2025-10-31 16:46:21 --> mysqli_sql_exception: PROCEDURE tusbinright2.adm_Read_bins does not exist in C:\xampp\htdocs\TUSBinGroup2\BinBackendG2\system\Database\MySQLi\Connection.php:327
Stack trace:
#0 C:\xampp\htdocs\TUSBinGroup2\BinBackendG2\system\Database\MySQLi\Connection.php(327): mysqli->query('CALL adm_Read_b...', 0)
#1 C:\xampp\htdocs\TUSBinGroup2\BinBackendG2\system\Database\BaseConnection.php(729): CodeIgniter\Database\MySQLi\Connection->execute('CALL adm_Read_b...')
#2 C:\xampp\htdocs\TUSBinGroup2\BinBackendG2\system\Database\BaseConnection.php(646): CodeIgniter\Database\BaseConnection->simpleQuery('CALL adm_Read_b...')
#3 C:\xampp\htdocs\TUSBinGroup2\BinBackendG2\app\Controllers\Api\Bins.php(13): CodeIgniter\Database\BaseConnection->query('CALL adm_Read_b...')
#4 C:\xampp\htdocs\TUSBinGroup2\BinBackendG2\system\CodeIgniter.php(933): App\Controllers\Api\Bins->index()
#5 C:\xampp\htdocs\TUSBinGroup2\BinBackendG2\system\CodeIgniter.php(507): CodeIgniter\CodeIgniter->runController(Object(App\Controllers\Api\Bins))
#6 C:\xampp\htdocs\TUSBinGroup2\BinBackendG2\system\CodeIgniter.php(354): CodeIgniter\CodeIgniter->handleRequest(NULL, Object(Config\Cache), false)
#7 C:\xampp\htdocs\TUSBinGroup2\BinBackendG2\system\Boot.php(363): CodeIgniter\CodeIgniter->run()
#8 C:\xampp\htdocs\TUSBinGroup2\BinBackendG2\system\Boot.php(68): CodeIgniter\Boot::runCodeIgniter(Object(CodeIgniter\CodeIgniter))
#9 C:\xampp\htdocs\TUSBinGroup2\BinBackendG2\public\index.php(59): CodeIgniter\Boot::bootWeb(Object(Config\Paths))
#10 {main}
CRITICAL - 2025-10-31 16:46:21 --> CodeIgniter\Database\Exceptions\DatabaseException: PROCEDURE tusbinright2.adm_Read_bins does not exist
[Method: GET, Route: api/bins]
in SYSTEMPATH\Database\BaseConnection.php on line 684.
 1 APPPATH\Controllers\Api\Bins.php(13): CodeIgniter\Database\BaseConnection->query('CALL adm_Read_bins()')
 2 SYSTEMPATH\CodeIgniter.php(933): App\Controllers\Api\Bins->index()
 3 SYSTEMPATH\CodeIgniter.php(507): CodeIgniter\CodeIgniter->runController(Object(App\Controllers\Api\Bins))
 4 SYSTEMPATH\CodeIgniter.php(354): CodeIgniter\CodeIgniter->handleRequest(null, Object(Config\Cache), false)
 5 SYSTEMPATH\Boot.php(363): CodeIgniter\CodeIgniter->run()
 6 SYSTEMPATH\Boot.php(68): CodeIgniter\Boot::runCodeIgniter(Object(CodeIgniter\CodeIgniter))
 7 FCPATH\index.php(59): CodeIgniter\Boot::bootWeb(Object(Config\Paths))
CRITICAL - 2025-10-31 16:46:21 --> [Caused by] CodeIgniter\Database\Exceptions\DatabaseException: PROCEDURE tusbinright2.adm_Read_bins does not exist
in SYSTEMPATH\Database\MySQLi\Connection.php on line 332.
 1 SYSTEMPATH\Database\BaseConnection.php(729): CodeIgniter\Database\MySQLi\Connection->execute('CALL adm_Read_bins()')
 2 SYSTEMPATH\Database\BaseConnection.php(646): CodeIgniter\Database\BaseConnection->simpleQuery('CALL adm_Read_bins()')
 3 APPPATH\Controllers\Api\Bins.php(13): CodeIgniter\Database\BaseConnection->query('CALL adm_Read_bins()')
 4 SYSTEMPATH\CodeIgniter.php(933): App\Controllers\Api\Bins->index()
 5 SYSTEMPATH\CodeIgniter.php(507): CodeIgniter\CodeIgniter->runController(Object(App\Controllers\Api\Bins))
 6 SYSTEMPATH\CodeIgniter.php(354): CodeIgniter\CodeIgniter->handleRequest(null, Object(Config\Cache), false)
 7 SYSTEMPATH\Boot.php(363): CodeIgniter\CodeIgniter->run()
 8 SYSTEMPATH\Boot.php(68): CodeIgniter\Boot::runCodeIgniter(Object(CodeIgniter\CodeIgniter))
 9 FCPATH\index.php(59): CodeIgniter\Boot::bootWeb(Object(Config\Paths))
CRITICAL - 2025-10-31 16:46:21 --> [Caused by] mysqli_sql_exception: PROCEDURE tusbinright2.adm_Read_bins does not exist
in SYSTEMPATH\Database\MySQLi\Connection.php on line 327.
 1 SYSTEMPATH\Database\MySQLi\Connection.php(327): mysqli->query('CALL adm_Read_bins()', 0)
 2 SYSTEMPATH\Database\BaseConnection.php(729): CodeIgniter\Database\MySQLi\Connection->execute('CALL adm_Read_bins()')
 3 SYSTEMPATH\Database\BaseConnection.php(646): CodeIgniter\Database\BaseConnection->simpleQuery('CALL adm_Read_bins()')
 4 APPPATH\Controllers\Api\Bins.php(13): CodeIgniter\Database\BaseConnection->query('CALL adm_Read_bins()')
 5 SYSTEMPATH\CodeIgniter.php(933): App\Controllers\Api\Bins->index()
 6 SYSTEMPATH\CodeIgniter.php(507): CodeIgniter\CodeIgniter->runController(Object(App\Controllers\Api\Bins))
 7 SYSTEMPATH\CodeIgniter.php(354): CodeIgniter\CodeIgniter->handleRequest(null, Object(Config\Cache), false)
 8 SYSTEMPATH\Boot.php(363): CodeIgniter\CodeIgniter->run()
 9 SYSTEMPATH\Boot.php(68): CodeIgniter\Boot::runCodeIgniter(Object(CodeIgniter\CodeIgniter))
10 FCPATH\index.php(59): CodeIgniter\Boot::bootWeb(Object(Config\Paths))
ERROR - 2025-10-31 16:51:36 --> mysqli_sql_exception: PROCEDURE tusbinright2.adm_Read_bins does not exist in C:\xampp\htdocs\TUSBinGroup2\BinBackendG2\system\Database\MySQLi\Connection.php:327
Stack trace:
#0 C:\xampp\htdocs\TUSBinGroup2\BinBackendG2\system\Database\MySQLi\Connection.php(327): mysqli->query('CALL adm_Read_b...', 0)
#1 C:\xampp\htdocs\TUSBinGroup2\BinBackendG2\system\Database\BaseConnection.php(729): CodeIgniter\Database\MySQLi\Connection->execute('CALL adm_Read_b...')
#2 C:\xampp\htdocs\TUSBinGroup2\BinBackendG2\system\Database\BaseConnection.php(646): CodeIgniter\Database\BaseConnection->simpleQuery('CALL adm_Read_b...')
#3 C:\xampp\htdocs\TUSBinGroup2\BinBackendG2\app\Controllers\Api\Bins.php(13): CodeIgniter\Database\BaseConnection->query('CALL adm_Read_b...')
#4 C:\xampp\htdocs\TUSBinGroup2\BinBackendG2\system\CodeIgniter.php(933): App\Controllers\Api\Bins->index()
#5 C:\xampp\htdocs\TUSBinGroup2\BinBackendG2\system\CodeIgniter.php(507): CodeIgniter\CodeIgniter->runController(Object(App\Controllers\Api\Bins))
#6 C:\xampp\htdocs\TUSBinGroup2\BinBackendG2\system\CodeIgniter.php(354): CodeIgniter\CodeIgniter->handleRequest(NULL, Object(Config\Cache), false)
#7 C:\xampp\htdocs\TUSBinGroup2\BinBackendG2\system\Boot.php(363): CodeIgniter\CodeIgniter->run()
#8 C:\xampp\htdocs\TUSBinGroup2\BinBackendG2\system\Boot.php(68): CodeIgniter\Boot::runCodeIgniter(Object(CodeIgniter\CodeIgniter))
#9 C:\xampp\htdocs\TUSBinGroup2\BinBackendG2\public\index.php(59): CodeIgniter\Boot::bootWeb(Object(Config\Paths))
#10 {main}
CRITICAL - 2025-10-31 16:51:36 --> CodeIgniter\Database\Exceptions\DatabaseException: PROCEDURE tusbinright2.adm_Read_bins does not exist
[Method: GET, Route: api/bins]
in SYSTEMPATH\Database\BaseConnection.php on line 684.
 1 APPPATH\Controllers\Api\Bins.php(13): CodeIgniter\Database\BaseConnection->query('CALL adm_Read_bins()')
 2 SYSTEMPATH\CodeIgniter.php(933): App\Controllers\Api\Bins->index()
 3 SYSTEMPATH\CodeIgniter.php(507): CodeIgniter\CodeIgniter->runController(Object(App\Controllers\Api\Bins))
 4 SYSTEMPATH\CodeIgniter.php(354): CodeIgniter\CodeIgniter->handleRequest(null, Object(Config\Cache), false)
 5 SYSTEMPATH\Boot.php(363): CodeIgniter\CodeIgniter->run()
 6 SYSTEMPATH\Boot.php(68): CodeIgniter\Boot::runCodeIgniter(Object(CodeIgniter\CodeIgniter))
 7 FCPATH\index.php(59): CodeIgniter\Boot::bootWeb(Object(Config\Paths))
CRITICAL - 2025-10-31 16:51:36 --> [Caused by] CodeIgniter\Database\Exceptions\DatabaseException: PROCEDURE tusbinright2.adm_Read_bins does not exist
in SYSTEMPATH\Database\MySQLi\Connection.php on line 332.
 1 SYSTEMPATH\Database\BaseConnection.php(729): CodeIgniter\Database\MySQLi\Connection->execute('CALL adm_Read_bins()')
 2 SYSTEMPATH\Database\BaseConnection.php(646): CodeIgniter\Database\BaseConnection->simpleQuery('CALL adm_Read_bins()')
 3 APPPATH\Controllers\Api\Bins.php(13): CodeIgniter\Database\BaseConnection->query('CALL adm_Read_bins()')
 4 SYSTEMPATH\CodeIgniter.php(933): App\Controllers\Api\Bins->index()
 5 SYSTEMPATH\CodeIgniter.php(507): CodeIgniter\CodeIgniter->runController(Object(App\Controllers\Api\Bins))
 6 SYSTEMPATH\CodeIgniter.php(354): CodeIgniter\CodeIgniter->handleRequest(null, Object(Config\Cache), false)
 7 SYSTEMPATH\Boot.php(363): CodeIgniter\CodeIgniter->run()
 8 SYSTEMPATH\Boot.php(68): CodeIgniter\Boot::runCodeIgniter(Object(CodeIgniter\CodeIgniter))
 9 FCPATH\index.php(59): CodeIgniter\Boot::bootWeb(Object(Config\Paths))
CRITICAL - 2025-10-31 16:51:36 --> [Caused by] mysqli_sql_exception: PROCEDURE tusbinright2.adm_Read_bins does not exist
in SYSTEMPATH\Database\MySQLi\Connection.php on line 327.
 1 SYSTEMPATH\Database\MySQLi\Connection.php(327): mysqli->query('CALL adm_Read_bins()', 0)
 2 SYSTEMPATH\Database\BaseConnection.php(729): CodeIgniter\Database\MySQLi\Connection->execute('CALL adm_Read_bins()')
 3 SYSTEMPATH\Database\BaseConnection.php(646): CodeIgniter\Database\BaseConnection->simpleQuery('CALL adm_Read_bins()')
 4 APPPATH\Controllers\Api\Bins.php(13): CodeIgniter\Database\BaseConnection->query('CALL adm_Read_bins()')
 5 SYSTEMPATH\CodeIgniter.php(933): App\Controllers\Api\Bins->index()
 6 SYSTEMPATH\CodeIgniter.php(507): CodeIgniter\CodeIgniter->runController(Object(App\Controllers\Api\Bins))
 7 SYSTEMPATH\CodeIgniter.php(354): CodeIgniter\CodeIgniter->handleRequest(null, Object(Config\Cache), false)
 8 SYSTEMPATH\Boot.php(363): CodeIgniter\CodeIgniter->run()
 9 SYSTEMPATH\Boot.php(68): CodeIgniter\Boot::runCodeIgniter(Object(CodeIgniter\CodeIgniter))
10 FCPATH\index.php(59): CodeIgniter\Boot::bootWeb(Object(Config\Paths))
ERROR - 2025-10-31 16:52:13 --> mysqli_sql_exception: PROCEDURE tusbinright2.adm_Read_bins does not exist in C:\xampp\htdocs\TUSBinGroup2\BinBackendG2\system\Database\MySQLi\Connection.php:327
Stack trace:
#0 C:\xampp\htdocs\TUSBinGroup2\BinBackendG2\system\Database\MySQLi\Connection.php(327): mysqli->query('CALL adm_Read_b...', 0)
#1 C:\xampp\htdocs\TUSBinGroup2\BinBackendG2\system\Database\BaseConnection.php(729): CodeIgniter\Database\MySQLi\Connection->execute('CALL adm_Read_b...')
#2 C:\xampp\htdocs\TUSBinGroup2\BinBackendG2\system\Database\BaseConnection.php(646): CodeIgniter\Database\BaseConnection->simpleQuery('CALL adm_Read_b...')
#3 C:\xampp\htdocs\TUSBinGroup2\BinBackendG2\app\Controllers\Api\Bins.php(13): CodeIgniter\Database\BaseConnection->query('CALL adm_Read_b...')
#4 C:\xampp\htdocs\TUSBinGroup2\BinBackendG2\system\CodeIgniter.php(933): App\Controllers\Api\Bins->index()
#5 C:\xampp\htdocs\TUSBinGroup2\BinBackendG2\system\CodeIgniter.php(507): CodeIgniter\CodeIgniter->runController(Object(App\Controllers\Api\Bins))
#6 C:\xampp\htdocs\TUSBinGroup2\BinBackendG2\system\CodeIgniter.php(354): CodeIgniter\CodeIgniter->handleRequest(NULL, Object(Config\Cache), false)
#7 C:\xampp\htdocs\TUSBinGroup2\BinBackendG2\system\Boot.php(363): CodeIgniter\CodeIgniter->run()
#8 C:\xampp\htdocs\TUSBinGroup2\BinBackendG2\system\Boot.php(68): CodeIgniter\Boot::runCodeIgniter(Object(CodeIgniter\CodeIgniter))
#9 C:\xampp\htdocs\TUSBinGroup2\BinBackendG2\public\index.php(59): CodeIgniter\Boot::bootWeb(Object(Config\Paths))
#10 {main}
CRITICAL - 2025-10-31 16:52:13 --> CodeIgniter\Database\Exceptions\DatabaseException: PROCEDURE tusbinright2.adm_Read_bins does not exist
[Method: GET, Route: api/bins]
in SYSTEMPATH\Database\BaseConnection.php on line 684.
 1 APPPATH\Controllers\Api\Bins.php(13): CodeIgniter\Database\BaseConnection->query('CALL adm_Read_bins()')
 2 SYSTEMPATH\CodeIgniter.php(933): App\Controllers\Api\Bins->index()
 3 SYSTEMPATH\CodeIgniter.php(507): CodeIgniter\CodeIgniter->runController(Object(App\Controllers\Api\Bins))
 4 SYSTEMPATH\CodeIgniter.php(354): CodeIgniter\CodeIgniter->handleRequest(null, Object(Config\Cache), false)
 5 SYSTEMPATH\Boot.php(363): CodeIgniter\CodeIgniter->run()
 6 SYSTEMPATH\Boot.php(68): CodeIgniter\Boot::runCodeIgniter(Object(CodeIgniter\CodeIgniter))
 7 FCPATH\index.php(59): CodeIgniter\Boot::bootWeb(Object(Config\Paths))
CRITICAL - 2025-10-31 16:52:13 --> [Caused by] CodeIgniter\Database\Exceptions\DatabaseException: PROCEDURE tusbinright2.adm_Read_bins does not exist
in SYSTEMPATH\Database\MySQLi\Connection.php on line 332.
 1 SYSTEMPATH\Database\BaseConnection.php(729): CodeIgniter\Database\MySQLi\Connection->execute('CALL adm_Read_bins()')
 2 SYSTEMPATH\Database\BaseConnection.php(646): CodeIgniter\Database\BaseConnection->simpleQuery('CALL adm_Read_bins()')
 3 APPPATH\Controllers\Api\Bins.php(13): CodeIgniter\Database\BaseConnection->query('CALL adm_Read_bins()')
 4 SYSTEMPATH\CodeIgniter.php(933): App\Controllers\Api\Bins->index()
 5 SYSTEMPATH\CodeIgniter.php(507): CodeIgniter\CodeIgniter->runController(Object(App\Controllers\Api\Bins))
 6 SYSTEMPATH\CodeIgniter.php(354): CodeIgniter\CodeIgniter->handleRequest(null, Object(Config\Cache), false)
 7 SYSTEMPATH\Boot.php(363): CodeIgniter\CodeIgniter->run()
 8 SYSTEMPATH\Boot.php(68): CodeIgniter\Boot::runCodeIgniter(Object(CodeIgniter\CodeIgniter))
 9 FCPATH\index.php(59): CodeIgniter\Boot::bootWeb(Object(Config\Paths))
CRITICAL - 2025-10-31 16:52:13 --> [Caused by] mysqli_sql_exception: PROCEDURE tusbinright2.adm_Read_bins does not exist
in SYSTEMPATH\Database\MySQLi\Connection.php on line 327.
 1 SYSTEMPATH\Database\MySQLi\Connection.php(327): mysqli->query('CALL adm_Read_bins()', 0)
 2 SYSTEMPATH\Database\BaseConnection.php(729): CodeIgniter\Database\MySQLi\Connection->execute('CALL adm_Read_bins()')
 3 SYSTEMPATH\Database\BaseConnection.php(646): CodeIgniter\Database\BaseConnection->simpleQuery('CALL adm_Read_bins()')
 4 APPPATH\Controllers\Api\Bins.php(13): CodeIgniter\Database\BaseConnection->query('CALL adm_Read_bins()')
 5 SYSTEMPATH\CodeIgniter.php(933): App\Controllers\Api\Bins->index()
 6 SYSTEMPATH\CodeIgniter.php(507): CodeIgniter\CodeIgniter->runController(Object(App\Controllers\Api\Bins))
 7 SYSTEMPATH\CodeIgniter.php(354): CodeIgniter\CodeIgniter->handleRequest(null, Object(Config\Cache), false)
 8 SYSTEMPATH\Boot.php(363): CodeIgniter\CodeIgniter->run()
 9 SYSTEMPATH\Boot.php(68): CodeIgniter\Boot::runCodeIgniter(Object(CodeIgniter\CodeIgniter))
10 FCPATH\index.php(59): CodeIgniter\Boot::bootWeb(Object(Config\Paths))
ERROR - 2025-10-31 16:52:13 --> mysqli_sql_exception: PROCEDURE tusbinright2.adm_Read_bins does not exist in C:\xampp\htdocs\TUSBinGroup2\BinBackendG2\system\Database\MySQLi\Connection.php:327
Stack trace:
#0 C:\xampp\htdocs\TUSBinGroup2\BinBackendG2\system\Database\MySQLi\Connection.php(327): mysqli->query('CALL adm_Read_b...', 0)
#1 C:\xampp\htdocs\TUSBinGroup2\BinBackendG2\system\Database\BaseConnection.php(729): CodeIgniter\Database\MySQLi\Connection->execute('CALL adm_Read_b...')
#2 C:\xampp\htdocs\TUSBinGroup2\BinBackendG2\system\Database\BaseConnection.php(646): CodeIgniter\Database\BaseConnection->simpleQuery('CALL adm_Read_b...')
#3 C:\xampp\htdocs\TUSBinGroup2\BinBackendG2\app\Controllers\Api\Bins.php(13): CodeIgniter\Database\BaseConnection->query('CALL adm_Read_b...')
#4 C:\xampp\htdocs\TUSBinGroup2\BinBackendG2\system\CodeIgniter.php(933): App\Controllers\Api\Bins->index()
#5 C:\xampp\htdocs\TUSBinGroup2\BinBackendG2\system\CodeIgniter.php(507): CodeIgniter\CodeIgniter->runController(Object(App\Controllers\Api\Bins))
#6 C:\xampp\htdocs\TUSBinGroup2\BinBackendG2\system\CodeIgniter.php(354): CodeIgniter\CodeIgniter->handleRequest(NULL, Object(Config\Cache), false)
#7 C:\xampp\htdocs\TUSBinGroup2\BinBackendG2\system\Boot.php(363): CodeIgniter\CodeIgniter->run()
#8 C:\xampp\htdocs\TUSBinGroup2\BinBackendG2\system\Boot.php(68): CodeIgniter\Boot::runCodeIgniter(Object(CodeIgniter\CodeIgniter))
#9 C:\xampp\htdocs\TUSBinGroup2\BinBackendG2\public\index.php(59): CodeIgniter\Boot::bootWeb(Object(Config\Paths))
#10 {main}
CRITICAL - 2025-10-31 16:52:13 --> CodeIgniter\Database\Exceptions\DatabaseException: PROCEDURE tusbinright2.adm_Read_bins does not exist
[Method: GET, Route: api/bins]
in SYSTEMPATH\Database\BaseConnection.php on line 684.
 1 APPPATH\Controllers\Api\Bins.php(13): CodeIgniter\Database\BaseConnection->query('CALL adm_Read_bins()')
 2 SYSTEMPATH\CodeIgniter.php(933): App\Controllers\Api\Bins->index()
 3 SYSTEMPATH\CodeIgniter.php(507): CodeIgniter\CodeIgniter->runController(Object(App\Controllers\Api\Bins))
 4 SYSTEMPATH\CodeIgniter.php(354): CodeIgniter\CodeIgniter->handleRequest(null, Object(Config\Cache), false)
 5 SYSTEMPATH\Boot.php(363): CodeIgniter\CodeIgniter->run()
 6 SYSTEMPATH\Boot.php(68): CodeIgniter\Boot::runCodeIgniter(Object(CodeIgniter\CodeIgniter))
 7 FCPATH\index.php(59): CodeIgniter\Boot::bootWeb(Object(Config\Paths))
CRITICAL - 2025-10-31 16:52:13 --> [Caused by] CodeIgniter\Database\Exceptions\DatabaseException: PROCEDURE tusbinright2.adm_Read_bins does not exist
in SYSTEMPATH\Database\MySQLi\Connection.php on line 332.
 1 SYSTEMPATH\Database\BaseConnection.php(729): CodeIgniter\Database\MySQLi\Connection->execute('CALL adm_Read_bins()')
 2 SYSTEMPATH\Database\BaseConnection.php(646): CodeIgniter\Database\BaseConnection->simpleQuery('CALL adm_Read_bins()')
 3 APPPATH\Controllers\Api\Bins.php(13): CodeIgniter\Database\BaseConnection->query('CALL adm_Read_bins()')
 4 SYSTEMPATH\CodeIgniter.php(933): App\Controllers\Api\Bins->index()
 5 SYSTEMPATH\CodeIgniter.php(507): CodeIgniter\CodeIgniter->runController(Object(App\Controllers\Api\Bins))
 6 SYSTEMPATH\CodeIgniter.php(354): CodeIgniter\CodeIgniter->handleRequest(null, Object(Config\Cache), false)
 7 SYSTEMPATH\Boot.php(363): CodeIgniter\CodeIgniter->run()
 8 SYSTEMPATH\Boot.php(68): CodeIgniter\Boot::runCodeIgniter(Object(CodeIgniter\CodeIgniter))
 9 FCPATH\index.php(59): CodeIgniter\Boot::bootWeb(Object(Config\Paths))
CRITICAL - 2025-10-31 16:52:13 --> [Caused by] mysqli_sql_exception: PROCEDURE tusbinright2.adm_Read_bins does not exist
in SYSTEMPATH\Database\MySQLi\Connection.php on line 327.
 1 SYSTEMPATH\Database\MySQLi\Connection.php(327): mysqli->query('CALL adm_Read_bins()', 0)
 2 SYSTEMPATH\Database\BaseConnection.php(729): CodeIgniter\Database\MySQLi\Connection->execute('CALL adm_Read_bins()')
 3 SYSTEMPATH\Database\BaseConnection.php(646): CodeIgniter\Database\BaseConnection->simpleQuery('CALL adm_Read_bins()')
 4 APPPATH\Controllers\Api\Bins.php(13): CodeIgniter\Database\BaseConnection->query('CALL adm_Read_bins()')
 5 SYSTEMPATH\CodeIgniter.php(933): App\Controllers\Api\Bins->index()
 6 SYSTEMPATH\CodeIgniter.php(507): CodeIgniter\CodeIgniter->runController(Object(App\Controllers\Api\Bins))
 7 SYSTEMPATH\CodeIgniter.php(354): CodeIgniter\CodeIgniter->handleRequest(null, Object(Config\Cache), false)
 8 SYSTEMPATH\Boot.php(363): CodeIgniter\CodeIgniter->run()
 9 SYSTEMPATH\Boot.php(68): CodeIgniter\Boot::runCodeIgniter(Object(CodeIgniter\CodeIgniter))
10 FCPATH\index.php(59): CodeIgniter\Boot::bootWeb(Object(Config\Paths))
ERROR - 2025-10-31 16:52:15 --> mysqli_sql_exception: PROCEDURE tusbinright2.adm_Read_bins does not exist in C:\xampp\htdocs\TUSBinGroup2\BinBackendG2\system\Database\MySQLi\Connection.php:327
Stack trace:
#0 C:\xampp\htdocs\TUSBinGroup2\BinBackendG2\system\Database\MySQLi\Connection.php(327): mysqli->query('CALL adm_Read_b...', 0)
#1 C:\xampp\htdocs\TUSBinGroup2\BinBackendG2\system\Database\BaseConnection.php(729): CodeIgniter\Database\MySQLi\Connection->execute('CALL adm_Read_b...')
#2 C:\xampp\htdocs\TUSBinGroup2\BinBackendG2\system\Database\BaseConnection.php(646): CodeIgniter\Database\BaseConnection->simpleQuery('CALL adm_Read_b...')
#3 C:\xampp\htdocs\TUSBinGroup2\BinBackendG2\app\Controllers\Api\Bins.php(13): CodeIgniter\Database\BaseConnection->query('CALL adm_Read_b...')
#4 C:\xampp\htdocs\TUSBinGroup2\BinBackendG2\system\CodeIgniter.php(933): App\Controllers\Api\Bins->index()
#5 C:\xampp\htdocs\TUSBinGroup2\BinBackendG2\system\CodeIgniter.php(507): CodeIgniter\CodeIgniter->runController(Object(App\Controllers\Api\Bins))
#6 C:\xampp\htdocs\TUSBinGroup2\BinBackendG2\system\CodeIgniter.php(354): CodeIgniter\CodeIgniter->handleRequest(NULL, Object(Config\Cache), false)
#7 C:\xampp\htdocs\TUSBinGroup2\BinBackendG2\system\Boot.php(363): CodeIgniter\CodeIgniter->run()
#8 C:\xampp\htdocs\TUSBinGroup2\BinBackendG2\system\Boot.php(68): CodeIgniter\Boot::runCodeIgniter(Object(CodeIgniter\CodeIgniter))
#9 C:\xampp\htdocs\TUSBinGroup2\BinBackendG2\public\index.php(59): CodeIgniter\Boot::bootWeb(Object(Config\Paths))
#10 {main}
CRITICAL - 2025-10-31 16:52:15 --> CodeIgniter\Database\Exceptions\DatabaseException: PROCEDURE tusbinright2.adm_Read_bins does not exist
[Method: GET, Route: api/bins]
in SYSTEMPATH\Database\BaseConnection.php on line 684.
 1 APPPATH\Controllers\Api\Bins.php(13): CodeIgniter\Database\BaseConnection->query('CALL adm_Read_bins()')
 2 SYSTEMPATH\CodeIgniter.php(933): App\Controllers\Api\Bins->index()
 3 SYSTEMPATH\CodeIgniter.php(507): CodeIgniter\CodeIgniter->runController(Object(App\Controllers\Api\Bins))
 4 SYSTEMPATH\CodeIgniter.php(354): CodeIgniter\CodeIgniter->handleRequest(null, Object(Config\Cache), false)
 5 SYSTEMPATH\Boot.php(363): CodeIgniter\CodeIgniter->run()
 6 SYSTEMPATH\Boot.php(68): CodeIgniter\Boot::runCodeIgniter(Object(CodeIgniter\CodeIgniter))
 7 FCPATH\index.php(59): CodeIgniter\Boot::bootWeb(Object(Config\Paths))
CRITICAL - 2025-10-31 16:52:15 --> [Caused by] CodeIgniter\Database\Exceptions\DatabaseException: PROCEDURE tusbinright2.adm_Read_bins does not exist
in SYSTEMPATH\Database\MySQLi\Connection.php on line 332.
 1 SYSTEMPATH\Database\BaseConnection.php(729): CodeIgniter\Database\MySQLi\Connection->execute('CALL adm_Read_bins()')
 2 SYSTEMPATH\Database\BaseConnection.php(646): CodeIgniter\Database\BaseConnection->simpleQuery('CALL adm_Read_bins()')
 3 APPPATH\Controllers\Api\Bins.php(13): CodeIgniter\Database\BaseConnection->query('CALL adm_Read_bins()')
 4 SYSTEMPATH\CodeIgniter.php(933): App\Controllers\Api\Bins->index()
 5 SYSTEMPATH\CodeIgniter.php(507): CodeIgniter\CodeIgniter->runController(Object(App\Controllers\Api\Bins))
 6 SYSTEMPATH\CodeIgniter.php(354): CodeIgniter\CodeIgniter->handleRequest(null, Object(Config\Cache), false)
 7 SYSTEMPATH\Boot.php(363): CodeIgniter\CodeIgniter->run()
 8 SYSTEMPATH\Boot.php(68): CodeIgniter\Boot::runCodeIgniter(Object(CodeIgniter\CodeIgniter))
 9 FCPATH\index.php(59): CodeIgniter\Boot::bootWeb(Object(Config\Paths))
CRITICAL - 2025-10-31 16:52:15 --> [Caused by] mysqli_sql_exception: PROCEDURE tusbinright2.adm_Read_bins does not exist
in SYSTEMPATH\Database\MySQLi\Connection.php on line 327.
 1 SYSTEMPATH\Database\MySQLi\Connection.php(327): mysqli->query('CALL adm_Read_bins()', 0)
 2 SYSTEMPATH\Database\BaseConnection.php(729): CodeIgniter\Database\MySQLi\Connection->execute('CALL adm_Read_bins()')
 3 SYSTEMPATH\Database\BaseConnection.php(646): CodeIgniter\Database\BaseConnection->simpleQuery('CALL adm_Read_bins()')
 4 APPPATH\Controllers\Api\Bins.php(13): CodeIgniter\Database\BaseConnection->query('CALL adm_Read_bins()')
 5 SYSTEMPATH\CodeIgniter.php(933): App\Controllers\Api\Bins->index()
 6 SYSTEMPATH\CodeIgniter.php(507): CodeIgniter\CodeIgniter->runController(Object(App\Controllers\Api\Bins))
 7 SYSTEMPATH\CodeIgniter.php(354): CodeIgniter\CodeIgniter->handleRequest(null, Object(Config\Cache), false)
 8 SYSTEMPATH\Boot.php(363): CodeIgniter\CodeIgniter->run()
 9 SYSTEMPATH\Boot.php(68): CodeIgniter\Boot::runCodeIgniter(Object(CodeIgniter\CodeIgniter))
10 FCPATH\index.php(59): CodeIgniter\Boot::bootWeb(Object(Config\Paths))
ERROR - 2025-10-31 16:52:20 --> mysqli_sql_exception: PROCEDURE tusbinright2.adm_Read_bins does not exist in C:\xampp\htdocs\TUSBinGroup2\BinBackendG2\system\Database\MySQLi\Connection.php:327
Stack trace:
#0 C:\xampp\htdocs\TUSBinGroup2\BinBackendG2\system\Database\MySQLi\Connection.php(327): mysqli->query('CALL adm_Read_b...', 0)
#1 C:\xampp\htdocs\TUSBinGroup2\BinBackendG2\system\Database\BaseConnection.php(729): CodeIgniter\Database\MySQLi\Connection->execute('CALL adm_Read_b...')
#2 C:\xampp\htdocs\TUSBinGroup2\BinBackendG2\system\Database\BaseConnection.php(646): CodeIgniter\Database\BaseConnection->simpleQuery('CALL adm_Read_b...')
#3 C:\xampp\htdocs\TUSBinGroup2\BinBackendG2\app\Controllers\Api\Bins.php(13): CodeIgniter\Database\BaseConnection->query('CALL adm_Read_b...')
#4 C:\xampp\htdocs\TUSBinGroup2\BinBackendG2\system\CodeIgniter.php(933): App\Controllers\Api\Bins->index()
#5 C:\xampp\htdocs\TUSBinGroup2\BinBackendG2\system\CodeIgniter.php(507): CodeIgniter\CodeIgniter->runController(Object(App\Controllers\Api\Bins))
#6 C:\xampp\htdocs\TUSBinGroup2\BinBackendG2\system\CodeIgniter.php(354): CodeIgniter\CodeIgniter->handleRequest(NULL, Object(Config\Cache), false)
#7 C:\xampp\htdocs\TUSBinGroup2\BinBackendG2\system\Boot.php(363): CodeIgniter\CodeIgniter->run()
#8 C:\xampp\htdocs\TUSBinGroup2\BinBackendG2\system\Boot.php(68): CodeIgniter\Boot::runCodeIgniter(Object(CodeIgniter\CodeIgniter))
#9 C:\xampp\htdocs\TUSBinGroup2\BinBackendG2\public\index.php(59): CodeIgniter\Boot::bootWeb(Object(Config\Paths))
#10 {main}
CRITICAL - 2025-10-31 16:52:20 --> CodeIgniter\Database\Exceptions\DatabaseException: PROCEDURE tusbinright2.adm_Read_bins does not exist
[Method: GET, Route: api/bins]
in SYSTEMPATH\Database\BaseConnection.php on line 684.
 1 APPPATH\Controllers\Api\Bins.php(13): CodeIgniter\Database\BaseConnection->query('CALL adm_Read_bins()')
 2 SYSTEMPATH\CodeIgniter.php(933): App\Controllers\Api\Bins->index()
 3 SYSTEMPATH\CodeIgniter.php(507): CodeIgniter\CodeIgniter->runController(Object(App\Controllers\Api\Bins))
 4 SYSTEMPATH\CodeIgniter.php(354): CodeIgniter\CodeIgniter->handleRequest(null, Object(Config\Cache), false)
 5 SYSTEMPATH\Boot.php(363): CodeIgniter\CodeIgniter->run()
 6 SYSTEMPATH\Boot.php(68): CodeIgniter\Boot::runCodeIgniter(Object(CodeIgniter\CodeIgniter))
 7 FCPATH\index.php(59): CodeIgniter\Boot::bootWeb(Object(Config\Paths))
CRITICAL - 2025-10-31 16:52:20 --> [Caused by] CodeIgniter\Database\Exceptions\DatabaseException: PROCEDURE tusbinright2.adm_Read_bins does not exist
in SYSTEMPATH\Database\MySQLi\Connection.php on line 332.
 1 SYSTEMPATH\Database\BaseConnection.php(729): CodeIgniter\Database\MySQLi\Connection->execute('CALL adm_Read_bins()')
 2 SYSTEMPATH\Database\BaseConnection.php(646): CodeIgniter\Database\BaseConnection->simpleQuery('CALL adm_Read_bins()')
 3 APPPATH\Controllers\Api\Bins.php(13): CodeIgniter\Database\BaseConnection->query('CALL adm_Read_bins()')
 4 SYSTEMPATH\CodeIgniter.php(933): App\Controllers\Api\Bins->index()
 5 SYSTEMPATH\CodeIgniter.php(507): CodeIgniter\CodeIgniter->runController(Object(App\Controllers\Api\Bins))
 6 SYSTEMPATH\CodeIgniter.php(354): CodeIgniter\CodeIgniter->handleRequest(null, Object(Config\Cache), false)
 7 SYSTEMPATH\Boot.php(363): CodeIgniter\CodeIgniter->run()
 8 SYSTEMPATH\Boot.php(68): CodeIgniter\Boot::runCodeIgniter(Object(CodeIgniter\CodeIgniter))
 9 FCPATH\index.php(59): CodeIgniter\Boot::bootWeb(Object(Config\Paths))
CRITICAL - 2025-10-31 16:52:20 --> [Caused by] mysqli_sql_exception: PROCEDURE tusbinright2.adm_Read_bins does not exist
in SYSTEMPATH\Database\MySQLi\Connection.php on line 327.
 1 SYSTEMPATH\Database\MySQLi\Connection.php(327): mysqli->query('CALL adm_Read_bins()', 0)
 2 SYSTEMPATH\Database\BaseConnection.php(729): CodeIgniter\Database\MySQLi\Connection->execute('CALL adm_Read_bins()')
 3 SYSTEMPATH\Database\BaseConnection.php(646): CodeIgniter\Database\BaseConnection->simpleQuery('CALL adm_Read_bins()')
 4 APPPATH\Controllers\Api\Bins.php(13): CodeIgniter\Database\BaseConnection->query('CALL adm_Read_bins()')
 5 SYSTEMPATH\CodeIgniter.php(933): App\Controllers\Api\Bins->index()
 6 SYSTEMPATH\CodeIgniter.php(507): CodeIgniter\CodeIgniter->runController(Object(App\Controllers\Api\Bins))
 7 SYSTEMPATH\CodeIgniter.php(354): CodeIgniter\CodeIgniter->handleRequest(null, Object(Config\Cache), false)
 8 SYSTEMPATH\Boot.php(363): CodeIgniter\CodeIgniter->run()
 9 SYSTEMPATH\Boot.php(68): CodeIgniter\Boot::runCodeIgniter(Object(CodeIgniter\CodeIgniter))
10 FCPATH\index.php(59): CodeIgniter\Boot::bootWeb(Object(Config\Paths))
ERROR - 2025-10-31 16:53:16 --> mysqli_sql_exception: PROCEDURE tusbinright2.adm_Read_bins does not exist in C:\xampp\htdocs\TUSBinGroup2\BinBackendG2\system\Database\MySQLi\Connection.php:327
Stack trace:
#0 C:\xampp\htdocs\TUSBinGroup2\BinBackendG2\system\Database\MySQLi\Connection.php(327): mysqli->query('CALL adm_Read_b...', 0)
#1 C:\xampp\htdocs\TUSBinGroup2\BinBackendG2\system\Database\BaseConnection.php(729): CodeIgniter\Database\MySQLi\Connection->execute('CALL adm_Read_b...')
#2 C:\xampp\htdocs\TUSBinGroup2\BinBackendG2\system\Database\BaseConnection.php(646): CodeIgniter\Database\BaseConnection->simpleQuery('CALL adm_Read_b...')
#3 C:\xampp\htdocs\TUSBinGroup2\BinBackendG2\app\Controllers\Api\Bins.php(13): CodeIgniter\Database\BaseConnection->query('CALL adm_Read_b...')
#4 C:\xampp\htdocs\TUSBinGroup2\BinBackendG2\system\CodeIgniter.php(933): App\Controllers\Api\Bins->index()
#5 C:\xampp\htdocs\TUSBinGroup2\BinBackendG2\system\CodeIgniter.php(507): CodeIgniter\CodeIgniter->runController(Object(App\Controllers\Api\Bins))
#6 C:\xampp\htdocs\TUSBinGroup2\BinBackendG2\system\CodeIgniter.php(354): CodeIgniter\CodeIgniter->handleRequest(NULL, Object(Config\Cache), false)
#7 C:\xampp\htdocs\TUSBinGroup2\BinBackendG2\system\Boot.php(363): CodeIgniter\CodeIgniter->run()
#8 C:\xampp\htdocs\TUSBinGroup2\BinBackendG2\system\Boot.php(68): CodeIgniter\Boot::runCodeIgniter(Object(CodeIgniter\CodeIgniter))
#9 C:\xampp\htdocs\TUSBinGroup2\BinBackendG2\public\index.php(59): CodeIgniter\Boot::bootWeb(Object(Config\Paths))
#10 {main}
CRITICAL - 2025-10-31 16:53:16 --> CodeIgniter\Database\Exceptions\DatabaseException: PROCEDURE tusbinright2.adm_Read_bins does not exist
[Method: GET, Route: api/bins]
in SYSTEMPATH\Database\BaseConnection.php on line 684.
 1 APPPATH\Controllers\Api\Bins.php(13): CodeIgniter\Database\BaseConnection->query('CALL adm_Read_bins()')
 2 SYSTEMPATH\CodeIgniter.php(933): App\Controllers\Api\Bins->index()
 3 SYSTEMPATH\CodeIgniter.php(507): CodeIgniter\CodeIgniter->runController(Object(App\Controllers\Api\Bins))
 4 SYSTEMPATH\CodeIgniter.php(354): CodeIgniter\CodeIgniter->handleRequest(null, Object(Config\Cache), false)
 5 SYSTEMPATH\Boot.php(363): CodeIgniter\CodeIgniter->run()
 6 SYSTEMPATH\Boot.php(68): CodeIgniter\Boot::runCodeIgniter(Object(CodeIgniter\CodeIgniter))
 7 FCPATH\index.php(59): CodeIgniter\Boot::bootWeb(Object(Config\Paths))
CRITICAL - 2025-10-31 16:53:16 --> [Caused by] CodeIgniter\Database\Exceptions\DatabaseException: PROCEDURE tusbinright2.adm_Read_bins does not exist
in SYSTEMPATH\Database\MySQLi\Connection.php on line 332.
 1 SYSTEMPATH\Database\BaseConnection.php(729): CodeIgniter\Database\MySQLi\Connection->execute('CALL adm_Read_bins()')
 2 SYSTEMPATH\Database\BaseConnection.php(646): CodeIgniter\Database\BaseConnection->simpleQuery('CALL adm_Read_bins()')
 3 APPPATH\Controllers\Api\Bins.php(13): CodeIgniter\Database\BaseConnection->query('CALL adm_Read_bins()')
 4 SYSTEMPATH\CodeIgniter.php(933): App\Controllers\Api\Bins->index()
 5 SYSTEMPATH\CodeIgniter.php(507): CodeIgniter\CodeIgniter->runController(Object(App\Controllers\Api\Bins))
 6 SYSTEMPATH\CodeIgniter.php(354): CodeIgniter\CodeIgniter->handleRequest(null, Object(Config\Cache), false)
 7 SYSTEMPATH\Boot.php(363): CodeIgniter\CodeIgniter->run()
 8 SYSTEMPATH\Boot.php(68): CodeIgniter\Boot::runCodeIgniter(Object(CodeIgniter\CodeIgniter))
 9 FCPATH\index.php(59): CodeIgniter\Boot::bootWeb(Object(Config\Paths))
CRITICAL - 2025-10-31 16:53:16 --> [Caused by] mysqli_sql_exception: PROCEDURE tusbinright2.adm_Read_bins does not exist
in SYSTEMPATH\Database\MySQLi\Connection.php on line 327.
 1 SYSTEMPATH\Database\MySQLi\Connection.php(327): mysqli->query('CALL adm_Read_bins()', 0)
 2 SYSTEMPATH\Database\BaseConnection.php(729): CodeIgniter\Database\MySQLi\Connection->execute('CALL adm_Read_bins()')
 3 SYSTEMPATH\Database\BaseConnection.php(646): CodeIgniter\Database\BaseConnection->simpleQuery('CALL adm_Read_bins()')
 4 APPPATH\Controllers\Api\Bins.php(13): CodeIgniter\Database\BaseConnection->query('CALL adm_Read_bins()')
 5 SYSTEMPATH\CodeIgniter.php(933): App\Controllers\Api\Bins->index()
 6 SYSTEMPATH\CodeIgniter.php(507): CodeIgniter\CodeIgniter->runController(Object(App\Controllers\Api\Bins))
 7 SYSTEMPATH\CodeIgniter.php(354): CodeIgniter\CodeIgniter->handleRequest(null, Object(Config\Cache), false)
 8 SYSTEMPATH\Boot.php(363): CodeIgniter\CodeIgniter->run()
 9 SYSTEMPATH\Boot.php(68): CodeIgniter\Boot::runCodeIgniter(Object(CodeIgniter\CodeIgniter))
10 FCPATH\index.php(59): CodeIgniter\Boot::bootWeb(Object(Config\Paths))
ERROR - 2025-10-31 16:53:19 --> mysqli_sql_exception: PROCEDURE tusbinright2.adm_Read_bins does not exist in C:\xampp\htdocs\TUSBinGroup2\BinBackendG2\system\Database\MySQLi\Connection.php:327
Stack trace:
#0 C:\xampp\htdocs\TUSBinGroup2\BinBackendG2\system\Database\MySQLi\Connection.php(327): mysqli->query('CALL adm_Read_b...', 0)
#1 C:\xampp\htdocs\TUSBinGroup2\BinBackendG2\system\Database\BaseConnection.php(729): CodeIgniter\Database\MySQLi\Connection->execute('CALL adm_Read_b...')
#2 C:\xampp\htdocs\TUSBinGroup2\BinBackendG2\system\Database\BaseConnection.php(646): CodeIgniter\Database\BaseConnection->simpleQuery('CALL adm_Read_b...')
#3 C:\xampp\htdocs\TUSBinGroup2\BinBackendG2\app\Controllers\Api\Bins.php(13): CodeIgniter\Database\BaseConnection->query('CALL adm_Read_b...')
#4 C:\xampp\htdocs\TUSBinGroup2\BinBackendG2\system\CodeIgniter.php(933): App\Controllers\Api\Bins->index()
#5 C:\xampp\htdocs\TUSBinGroup2\BinBackendG2\system\CodeIgniter.php(507): CodeIgniter\CodeIgniter->runController(Object(App\Controllers\Api\Bins))
#6 C:\xampp\htdocs\TUSBinGroup2\BinBackendG2\system\CodeIgniter.php(354): CodeIgniter\CodeIgniter->handleRequest(NULL, Object(Config\Cache), false)
#7 C:\xampp\htdocs\TUSBinGroup2\BinBackendG2\system\Boot.php(363): CodeIgniter\CodeIgniter->run()
#8 C:\xampp\htdocs\TUSBinGroup2\BinBackendG2\system\Boot.php(68): CodeIgniter\Boot::runCodeIgniter(Object(CodeIgniter\CodeIgniter))
#9 C:\xampp\htdocs\TUSBinGroup2\BinBackendG2\public\index.php(59): CodeIgniter\Boot::bootWeb(Object(Config\Paths))
#10 {main}
CRITICAL - 2025-10-31 16:53:19 --> CodeIgniter\Database\Exceptions\DatabaseException: PROCEDURE tusbinright2.adm_Read_bins does not exist
[Method: GET, Route: api/bins]
in SYSTEMPATH\Database\BaseConnection.php on line 684.
 1 APPPATH\Controllers\Api\Bins.php(13): CodeIgniter\Database\BaseConnection->query('CALL adm_Read_bins()')
 2 SYSTEMPATH\CodeIgniter.php(933): App\Controllers\Api\Bins->index()
 3 SYSTEMPATH\CodeIgniter.php(507): CodeIgniter\CodeIgniter->runController(Object(App\Controllers\Api\Bins))
 4 SYSTEMPATH\CodeIgniter.php(354): CodeIgniter\CodeIgniter->handleRequest(null, Object(Config\Cache), false)
 5 SYSTEMPATH\Boot.php(363): CodeIgniter\CodeIgniter->run()
 6 SYSTEMPATH\Boot.php(68): CodeIgniter\Boot::runCodeIgniter(Object(CodeIgniter\CodeIgniter))
 7 FCPATH\index.php(59): CodeIgniter\Boot::bootWeb(Object(Config\Paths))
CRITICAL - 2025-10-31 16:53:19 --> [Caused by] CodeIgniter\Database\Exceptions\DatabaseException: PROCEDURE tusbinright2.adm_Read_bins does not exist
in SYSTEMPATH\Database\MySQLi\Connection.php on line 332.
 1 SYSTEMPATH\Database\BaseConnection.php(729): CodeIgniter\Database\MySQLi\Connection->execute('CALL adm_Read_bins()')
 2 SYSTEMPATH\Database\BaseConnection.php(646): CodeIgniter\Database\BaseConnection->simpleQuery('CALL adm_Read_bins()')
 3 APPPATH\Controllers\Api\Bins.php(13): CodeIgniter\Database\BaseConnection->query('CALL adm_Read_bins()')
 4 SYSTEMPATH\CodeIgniter.php(933): App\Controllers\Api\Bins->index()
 5 SYSTEMPATH\CodeIgniter.php(507): CodeIgniter\CodeIgniter->runController(Object(App\Controllers\Api\Bins))
 6 SYSTEMPATH\CodeIgniter.php(354): CodeIgniter\CodeIgniter->handleRequest(null, Object(Config\Cache), false)
 7 SYSTEMPATH\Boot.php(363): CodeIgniter\CodeIgniter->run()
 8 SYSTEMPATH\Boot.php(68): CodeIgniter\Boot::runCodeIgniter(Object(CodeIgniter\CodeIgniter))
 9 FCPATH\index.php(59): CodeIgniter\Boot::bootWeb(Object(Config\Paths))
CRITICAL - 2025-10-31 16:53:19 --> [Caused by] mysqli_sql_exception: PROCEDURE tusbinright2.adm_Read_bins does not exist
in SYSTEMPATH\Database\MySQLi\Connection.php on line 327.
 1 SYSTEMPATH\Database\MySQLi\Connection.php(327): mysqli->query('CALL adm_Read_bins()', 0)
 2 SYSTEMPATH\Database\BaseConnection.php(729): CodeIgniter\Database\MySQLi\Connection->execute('CALL adm_Read_bins()')
 3 SYSTEMPATH\Database\BaseConnection.php(646): CodeIgniter\Database\BaseConnection->simpleQuery('CALL adm_Read_bins()')
 4 APPPATH\Controllers\Api\Bins.php(13): CodeIgniter\Database\BaseConnection->query('CALL adm_Read_bins()')
 5 SYSTEMPATH\CodeIgniter.php(933): App\Controllers\Api\Bins->index()
 6 SYSTEMPATH\CodeIgniter.php(507): CodeIgniter\CodeIgniter->runController(Object(App\Controllers\Api\Bins))
 7 SYSTEMPATH\CodeIgniter.php(354): CodeIgniter\CodeIgniter->handleRequest(null, Object(Config\Cache), false)
 8 SYSTEMPATH\Boot.php(363): CodeIgniter\CodeIgniter->run()
 9 SYSTEMPATH\Boot.php(68): CodeIgniter\Boot::runCodeIgniter(Object(CodeIgniter\CodeIgniter))
10 FCPATH\index.php(59): CodeIgniter\Boot::bootWeb(Object(Config\Paths))
