CRITICAL - 2025-11-03 02:38:03 --> ErrorException: Declaration of App\Controllers\Api\Items::update($id) must be compatible with CodeIgniter\RESTful\ResourceController::update($id = null)
[Method: GET, Route: api/items]
in APPPATH\Controllers\Api\Items.php on line 33.
 1 [internal function]: CodeIgniter\Debug\Exceptions->shutdownHandler()
CRITICAL - 2025-11-03 02:38:05 --> ErrorException: Declaration of App\Controllers\Api\Items::update($id) must be compatible with CodeIgniter\RESTful\ResourceController::update($id = null)
[Method: GET, Route: api/items]
in APPPATH\Controllers\Api\Items.php on line 33.
 1 [internal function]: CodeIgniter\Debug\Exceptions->shutdownHandler()
CRITICAL - 2025-11-03 02:38:11 --> ErrorException: Declaration of App\Controllers\Api\Items::update($id) must be compatible with CodeIgniter\RESTful\ResourceController::update($id = null)
[Method: GET, Route: api/items]
in APPPATH\Controllers\Api\Items.php on line 33.
 1 [internal function]: CodeIgniter\Debug\Exceptions->shutdownHandler()
CRITICAL - 2025-11-03 02:38:15 --> ErrorException: Declaration of App\Controllers\Api\Items::update($id) must be compatible with CodeIgniter\RESTful\ResourceController::update($id = null)
[Method: GET, Route: api/items]
in APPPATH\Controllers\Api\Items.php on line 33.
 1 [internal function]: CodeIgniter\Debug\Exceptions->shutdownHandler()
CRITICAL - 2025-11-03 03:51:47 --> ErrorException: Declaration of App\Controllers\Api\Items::update($id) must be compatible with CodeIgniter\RESTful\ResourceController::update($id = null)
[Method: GET, Route: api/items]
in APPPATH\Controllers\Api\Items.php on line 33.
 1 [internal function]: CodeIgniter\Debug\Exceptions->shutdownHandler()
CRITICAL - 2025-11-03 04:00:57 --> ErrorException: Declaration of App\Controllers\Api\Items::delete($id) must be compatible with CodeIgniter\RESTful\ResourceController::delete($id = null)
[Method: GET, Route: api/items]
in APPPATH\Controllers\Api\Items.php on line 45.
 1 [internal function]: CodeIgniter\Debug\Exceptions->shutdownHandler()
CRITICAL - 2025-11-03 04:01:20 --> ErrorException: Declaration of App\Controllers\Api\Items::delete($id) must be compatible with CodeIgniter\RESTful\ResourceController::delete($id = null)
[Method: GET, Route: api/items]
in APPPATH\Controllers\Api\Items.php on line 45.
 1 [internal function]: CodeIgniter\Debug\Exceptions->shutdownHandler()
CRITICAL - 2025-11-03 04:01:41 --> ErrorException: Declaration of App\Controllers\Api\Items::delete($id) must be compatible with CodeIgniter\RESTful\ResourceController::delete($id = null)
[Method: GET, Route: api/items]
in APPPATH\Controllers\Api\Items.php on line 45.
 1 [internal function]: CodeIgniter\Debug\Exceptions->shutdownHandler()
CRITICAL - 2025-11-03 04:12:47 --> ErrorException: Declaration of App\Controllers\Api\Items::delete($id) must be compatible with CodeIgniter\RESTful\ResourceController::delete($id = null)
[Method: GET, Route: api/items]
in APPPATH\Controllers\Api\Items.php on line 45.
 1 [internal function]: CodeIgniter\Debug\Exceptions->shutdownHandler()
